2026-04-18 01:06:00,484 INFO notifyConnectTimeout:200

2026-04-18 01:06:00,493 INFO notifySocketTimeout:8000

2026-04-18 01:06:00,494 INFO isHealthCheck:true

2026-04-18 01:06:00,494 INFO maxHealthCheckFailCount:12

2026-04-18 01:06:00,494 INFO maxContent:10485760

2026-04-18 01:06:00,495 INFO spring.datasource.platform:mysql

2026-04-18 01:06:03,677 INFO ServerListService address-server port:8080

2026-04-18 01:06:03,678 INFO ADDRESS_SERVER_URL:http://jmenv.tbsite.net:8080/nacos/serverlist

2026-04-18 01:06:03,681 WARN [serverlist] updated to [172.18.0.6:8848]

2026-04-18 01:06:03,881 WARN DumpService start

2026-04-18 01:06:03,892 INFO start clear all config-info.

2026-04-18 01:06:03,922 WARN clear all config-info failed.

2026-04-18 01:06:03,922 WARN clear all config-info-tenant failed.

2026-04-18 01:06:04,059 INFO [all-dump] 33 / 33

2026-04-18 01:06:04,059 INFO start clear all config-info-beta.

2026-04-18 01:06:04,059 WARN clear all config-info-beta failed.

2026-04-18 01:06:04,059 WARN clear all config-info-beta-tenant failed.

2026-04-18 01:06:04,074 INFO start clear all config-info-tag.

2026-04-18 01:06:04,075 WARN clear all config-info-tag failed.

2026-04-18 01:06:04,075 WARN clear all config-info-tag-tenant failed.

2026-04-18 01:34:48,637 INFO notifyConnectTimeout:200

2026-04-18 01:34:48,641 INFO notifySocketTimeout:8000

2026-04-18 01:34:48,642 INFO isHealthCheck:true

2026-04-18 01:34:48,642 INFO maxHealthCheckFailCount:12

2026-04-18 01:34:48,642 INFO maxContent:10485760

2026-04-18 01:34:48,644 INFO spring.datasource.platform:mysql

2026-04-18 01:34:51,483 INFO ServerListService address-server port:8080

2026-04-18 01:34:51,483 INFO ADDRESS_SERVER_URL:http://jmenv.tbsite.net:8080/nacos/serverlist

2026-04-18 01:34:51,485 WARN [serverlist] updated to [172.18.0.6:8848]

2026-04-18 01:34:51,648 WARN DumpService start

2026-04-18 01:34:51,654 INFO start clear all config-info.

2026-04-18 01:34:51,667 INFO clear all config-info success.

2026-04-18 01:34:51,667 WARN clear all config-info-tenant failed.

2026-04-18 01:34:51,760 INFO [all-dump] 33 / 33

2026-04-18 01:34:51,760 INFO start clear all config-info-beta.

2026-04-18 01:34:51,760 WARN clear all config-info-beta failed.

2026-04-18 01:34:51,760 WARN clear all config-info-beta-tenant failed.

2026-04-18 01:34:51,766 INFO start clear all config-info-tag.

2026-04-18 01:34:51,766 WARN clear all config-info-tag failed.

2026-04-18 01:34:51,766 WARN clear all config-info-tag-tenant failed.

2026-04-18 01:41:34,905 INFO notifyConnectTimeout:200

2026-04-18 01:41:34,911 INFO notifySocketTimeout:8000

2026-04-18 01:41:34,912 INFO isHealthCheck:true

2026-04-18 01:41:34,912 INFO maxHealthCheckFailCount:12

2026-04-18 01:41:34,912 INFO maxContent:10485760

2026-04-18 01:41:34,913 INFO spring.datasource.platform:mysql

2026-04-18 01:41:37,819 INFO ServerListService address-server port:8080

2026-04-18 01:41:37,820 INFO ADDRESS_SERVER_URL:http://jmenv.tbsite.net:8080/nacos/serverlist

2026-04-18 01:41:37,826 WARN [serverlist] updated to [172.18.0.6:8848]

2026-04-18 01:41:38,024 WARN DumpService start

2026-04-18 01:41:38,037 INFO start clear all config-info.

2026-04-18 01:41:38,050 INFO clear all config-info success.

2026-04-18 01:41:38,050 WARN clear all config-info-tenant failed.

2026-04-18 01:41:38,154 INFO [all-dump] 33 / 33

2026-04-18 01:41:38,154 INFO start clear all config-info-beta.

2026-04-18 01:41:38,155 WARN clear all config-info-beta failed.

2026-04-18 01:41:38,155 WARN clear all config-info-beta-tenant failed.

2026-04-18 01:41:38,168 INFO start clear all config-info-tag.

2026-04-18 01:41:38,168 WARN clear all config-info-tag failed.

2026-04-18 01:41:38,168 WARN clear all config-info-tag-tenant failed.

2026-04-18 05:25:01,308 INFO notifyConnectTimeout:200

2026-04-18 05:25:01,310 INFO notifySocketTimeout:8000

2026-04-18 05:25:01,311 INFO isHealthCheck:true

2026-04-18 05:25:01,311 INFO maxHealthCheckFailCount:12

2026-04-18 05:25:01,311 INFO maxContent:10485760

2026-04-18 05:25:01,311 INFO spring.datasource.platform:mysql

2026-04-18 05:25:04,309 INFO ServerListService address-server port:8080

2026-04-18 05:25:04,309 INFO ADDRESS_SERVER_URL:http://jmenv.tbsite.net:8080/nacos/serverlist

2026-04-18 05:25:04,310 WARN [serverlist] updated to [172.18.0.4:8848]

2026-04-18 05:25:04,499 WARN DumpService start

2026-04-18 05:25:04,518 INFO start clear all config-info.

2026-04-18 05:25:04,529 INFO clear all config-info success.

2026-04-18 05:25:04,529 WARN clear all config-info-tenant failed.

2026-04-18 05:25:04,674 INFO [all-dump] 33 / 33

2026-04-18 05:25:04,674 INFO start clear all config-info-beta.

2026-04-18 05:25:04,674 WARN clear all config-info-beta failed.

2026-04-18 05:25:04,674 WARN clear all config-info-beta-tenant failed.

2026-04-18 05:25:04,685 INFO start clear all config-info-tag.

2026-04-18 05:25:04,685 WARN clear all config-info-tag failed.

2026-04-18 05:25:04,685 WARN clear all config-info-tag-tenant failed.

2026-04-18 05:40:00,648 INFO notifyConnectTimeout:200

2026-04-18 05:40:00,653 INFO notifySocketTimeout:8000

2026-04-18 05:40:00,653 INFO isHealthCheck:true

2026-04-18 05:40:00,654 INFO maxHealthCheckFailCount:12

2026-04-18 05:40:00,654 INFO maxContent:10485760

2026-04-18 05:40:00,655 INFO spring.datasource.platform:mysql

2026-04-18 05:40:03,235 INFO ServerListService address-server port:8080

2026-04-18 05:40:03,236 INFO ADDRESS_SERVER_URL:http://jmenv.tbsite.net:8080/nacos/serverlist

2026-04-18 05:40:03,238 WARN [serverlist] updated to [172.18.0.3:8848]

2026-04-18 05:40:03,374 WARN DumpService start

2026-04-18 05:40:03,378 INFO start clear all config-info.

2026-04-18 05:40:03,387 INFO clear all config-info success.

2026-04-18 05:40:03,387 WARN clear all config-info-tenant failed.

2026-04-18 05:40:03,483 INFO [all-dump] 33 / 33

2026-04-18 05:40:03,483 INFO start clear all config-info-beta.

2026-04-18 05:40:03,483 WARN clear all config-info-beta failed.

2026-04-18 05:40:03,483 WARN clear all config-info-beta-tenant failed.

2026-04-18 05:40:03,487 INFO start clear all config-info-tag.

2026-04-18 05:40:03,487 WARN clear all config-info-tag failed.

2026-04-18 05:40:03,487 WARN clear all config-info-tag-tenant failed.

2026-04-18 05:54:26,985 INFO notifyConnectTimeout:200

2026-04-18 05:54:26,987 INFO notifySocketTimeout:8000

2026-04-18 05:54:26,987 INFO isHealthCheck:true

2026-04-18 05:54:26,988 INFO maxHealthCheckFailCount:12

2026-04-18 05:54:26,988 INFO maxContent:10485760

2026-04-18 05:54:26,988 INFO spring.datasource.platform:mysql

2026-04-18 05:54:30,047 INFO ServerListService address-server port:8080

2026-04-18 05:54:30,047 INFO ADDRESS_SERVER_URL:http://jmenv.tbsite.net:8080/nacos/serverlist

2026-04-18 05:54:30,049 WARN [serverlist] updated to [172.18.0.6:8848]

2026-04-18 05:54:30,270 WARN DumpService start

2026-04-18 05:54:30,284 INFO start clear all config-info.

2026-04-18 05:54:30,296 INFO clear all config-info success.

2026-04-18 05:54:30,296 WARN clear all config-info-tenant failed.

2026-04-18 05:54:30,390 INFO [all-dump] 33 / 33

2026-04-18 05:54:30,390 INFO start clear all config-info-beta.

2026-04-18 05:54:30,390 WARN clear all config-info-beta failed.

2026-04-18 05:54:30,390 WARN clear all config-info-beta-tenant failed.

2026-04-18 05:54:30,398 INFO start clear all config-info-tag.

2026-04-18 05:54:30,398 WARN clear all config-info-tag failed.

2026-04-18 05:54:30,399 WARN clear all config-info-tag-tenant failed.

2026-04-18 06:21:59,888 INFO notifyConnectTimeout:200

2026-04-18 06:21:59,891 INFO notifySocketTimeout:8000

2026-04-18 06:21:59,891 INFO isHealthCheck:true

2026-04-18 06:21:59,891 INFO maxHealthCheckFailCount:12

2026-04-18 06:21:59,891 INFO maxContent:10485760

2026-04-18 06:21:59,891 INFO spring.datasource.platform:mysql

2026-04-18 06:22:02,970 INFO ServerListService address-server port:8080

2026-04-18 06:22:02,971 INFO ADDRESS_SERVER_URL:http://jmenv.tbsite.net:8080/nacos/serverlist

2026-04-18 06:22:02,972 WARN [serverlist] updated to [172.18.0.5:8848]

2026-04-18 06:22:03,204 WARN DumpService start

2026-04-18 06:22:03,211 INFO start clear all config-info.

2026-04-18 06:22:03,229 INFO clear all config-info success.

2026-04-18 06:22:03,229 WARN clear all config-info-tenant failed.

2026-04-18 06:22:03,333 INFO [all-dump] 33 / 33

2026-04-18 06:22:03,333 INFO start clear all config-info-beta.

2026-04-18 06:22:03,334 WARN clear all config-info-beta failed.

2026-04-18 06:22:03,334 WARN clear all config-info-beta-tenant failed.

2026-04-18 06:22:03,341 INFO start clear all config-info-tag.

2026-04-18 06:22:03,341 WARN clear all config-info-tag failed.

2026-04-18 06:22:03,341 WARN clear all config-info-tag-tenant failed.

