2026-04-18 01:06:34,152 INFO PERFORMANCE:|0|0|-1|-1

2026-04-18 01:11:34,155 INFO PERFORMANCE:|0|0|-1|-1

2026-04-18 01:16:34,157 INFO PERFORMANCE:|0|0|-1|-1

2026-04-18 01:21:34,159 INFO PERFORMANCE:|0|0|-1|-1

2026-04-18 01:26:34,160 INFO PERFORMANCE:|0|0|-1|-1

2026-04-18 01:31:34,161 INFO PERFORMANCE:|1|1|-1|-1

2026-04-18 01:35:21,792 INFO PERFORMANCE:|1|1|-1|-1

2026-04-18 01:42:08,213 INFO PERFORMANCE:|1|1|-1|-1

2026-04-18 01:47:08,215 INFO PERFORMANCE:|1|1|-1|-1

2026-04-18 01:52:08,215 INFO PERFORMANCE:|1|1|-1|-1

2026-04-18 01:57:08,216 INFO PERFORMANCE:|1|1|-1|-1

2026-04-18 02:02:08,218 INFO PERFORMANCE:|1|1|-1|-1

2026-04-18 02:07:08,219 INFO PERFORMANCE:|1|1|-1|-1

2026-04-18 02:12:08,220 INFO PERFORMANCE:|1|1|-1|-1

2026-04-18 02:17:08,221 INFO PERFORMANCE:|4|4|-1|-1

2026-04-18 05:25:34,745 INFO PERFORMANCE:|1|1|-1|-1

2026-04-18 05:30:34,747 INFO PERFORMANCE:|1|1|-1|-1

2026-04-18 05:35:34,748 INFO PERFORMANCE:|1|1|-1|-1

2026-04-18 05:40:33,535 INFO PERFORMANCE:|1|1|-1|-1

2026-04-18 05:45:33,537 INFO PERFORMANCE:|3|3|-1|-1

2026-04-18 05:55:00,443 INFO PERFORMANCE:|0|0|-1|-1

2026-04-18 06:00:00,444 INFO PERFORMANCE:|3|3|-1|-1

2026-04-18 06:05:00,445 INFO PERFORMANCE:|9|9|-1|-1

2026-04-18 06:10:00,447 INFO PERFORMANCE:|9|9|-1|-1

2026-04-18 06:15:03,040 INFO PERFORMANCE:|9|9|-1|-1

2026-04-18 06:22:33,389 INFO PERFORMANCE:|1|1|-1|-1

2026-04-18 06:27:33,390 INFO PERFORMANCE:|3|3|-1|-1

2026-04-18 06:32:33,390 INFO PERFORMANCE:|9|9|-1|-1

2026-04-18 06:37:33,391 INFO PERFORMANCE:|9|9|-1|-1

2026-04-18 06:42:33,391 INFO PERFORMANCE:|9|9|-1|-1

2026-04-18 06:47:33,392 INFO PERFORMANCE:|9|9|-1|-1

2026-04-18 06:52:33,392 INFO PERFORMANCE:|10|10|-1|-1

2026-04-18 06:57:33,393 INFO PERFORMANCE:|10|10|-1|-1

2026-04-18 07:02:33,394 INFO PERFORMANCE:|10|10|-1|-1

2026-04-18 07:07:33,394 INFO PERFORMANCE:|10|10|-1|-1

2026-04-18 07:12:33,394 INFO PERFORMANCE:|10|10|-1|-1

2026-04-18 07:17:33,395 INFO PERFORMANCE:|10|10|-1|-1

2026-04-18 07:22:33,396 INFO PERFORMANCE:|11|11|-1|-1

2026-04-18 07:27:33,397 INFO PERFORMANCE:|11|11|-1|-1

2026-04-18 07:32:33,397 INFO PERFORMANCE:|11|11|-1|-1

2026-04-18 07:37:33,397 INFO PERFORMANCE:|11|11|-1|-1

2026-04-18 07:42:33,398 INFO PERFORMANCE:|11|11|-1|-1

2026-04-18 07:47:33,398 INFO PERFORMANCE:|11|11|-1|-1

2026-04-18 07:52:33,399 INFO PERFORMANCE:|11|11|-1|-1

2026-04-18 07:57:33,400 INFO PERFORMANCE:|11|11|-1|-1

2026-04-18 08:02:33,400 INFO PERFORMANCE:|11|11|-1|-1

2026-04-18 08:07:33,401 INFO PERFORMANCE:|11|11|-1|-1

2026-04-18 08:12:33,401 INFO PERFORMANCE:|11|11|-1|-1

2026-04-18 08:17:33,402 INFO PERFORMANCE:|11|11|-1|-1

2026-04-18 08:22:33,403 INFO PERFORMANCE:|11|11|-1|-1

2026-04-18 08:27:33,404 INFO PERFORMANCE:|11|11|-1|-1

2026-04-18 08:32:33,404 INFO PERFORMANCE:|11|11|-1|-1

2026-04-18 08:37:33,406 INFO PERFORMANCE:|11|11|-1|-1

2026-04-18 08:42:33,406 INFO PERFORMANCE:|11|10|-1|-1

2026-04-18 08:47:33,407 INFO PERFORMANCE:|11|10|-1|-1

2026-04-18 08:52:33,408 INFO PERFORMANCE:|11|10|-1|-1

2026-04-18 08:57:33,409 INFO PERFORMANCE:|11|11|-1|-1

2026-04-18 09:02:33,410 INFO PERFORMANCE:|11|11|-1|-1

2026-04-18 09:07:33,411 INFO PERFORMANCE:|11|11|-1|-1

2026-04-18 09:12:33,412 INFO PERFORMANCE:|11|11|-1|-1

2026-04-18 09:17:33,413 INFO PERFORMANCE:|11|11|-1|-1

2026-04-18 09:22:33,414 INFO PERFORMANCE:|11|11|-1|-1

2026-04-18 09:27:33,414 INFO PERFORMANCE:|11|10|-1|-1

2026-04-18 09:32:33,416 INFO PERFORMANCE:|11|10|-1|-1

2026-04-18 09:37:33,416 INFO PERFORMANCE:|11|11|-1|-1

2026-04-18 09:42:33,417 INFO PERFORMANCE:|11|11|-1|-1

2026-04-18 09:47:33,418 INFO PERFORMANCE:|11|11|-1|-1

2026-04-18 09:52:33,418 INFO PERFORMANCE:|11|11|-1|-1

2026-04-18 09:57:33,419 INFO PERFORMANCE:|11|11|-1|-1

2026-04-18 10:02:33,420 INFO PERFORMANCE:|11|11|-1|-1

2026-04-18 10:07:33,421 INFO PERFORMANCE:|11|11|-1|-1

2026-04-18 10:12:33,422 INFO PERFORMANCE:|11|11|-1|-1

2026-04-18 10:17:33,422 INFO PERFORMANCE:|11|11|-1|-1

2026-04-18 10:22:33,423 INFO PERFORMANCE:|11|11|-1|-1

2026-04-18 10:27:33,424 INFO PERFORMANCE:|11|12|-1|-1

2026-04-18 10:32:33,426 INFO PERFORMANCE:|11|11|-1|-1

2026-04-18 10:37:33,426 INFO PERFORMANCE:|11|11|-1|-1

2026-04-18 10:42:33,427 INFO PERFORMANCE:|11|11|-1|-1

2026-04-18 10:47:33,428 INFO PERFORMANCE:|11|11|-1|-1

2026-04-18 10:52:33,429 INFO PERFORMANCE:|11|11|-1|-1

2026-04-18 10:57:33,429 INFO PERFORMANCE:|11|11|-1|-1

2026-04-18 11:02:33,430 INFO PERFORMANCE:|11|11|-1|-1

2026-04-18 11:07:33,431 INFO PERFORMANCE:|11|11|-1|-1

2026-04-18 11:12:33,432 INFO PERFORMANCE:|11|11|-1|-1

2026-04-18 11:17:33,432 INFO PERFORMANCE:|11|11|-1|-1

2026-04-18 11:22:33,433 INFO PERFORMANCE:|11|11|-1|-1

2026-04-18 11:27:33,433 INFO PERFORMANCE:|11|11|-1|-1

2026-04-18 11:32:33,434 INFO PERFORMANCE:|11|11|-1|-1

2026-04-18 11:37:33,435 INFO PERFORMANCE:|11|11|-1|-1

2026-04-18 11:42:33,436 INFO PERFORMANCE:|11|11|-1|-1

2026-04-18 11:47:33,436 INFO PERFORMANCE:|11|11|-1|-1

2026-04-18 11:52:33,437 INFO PERFORMANCE:|11|11|-1|-1

2026-04-18 11:57:33,438 INFO PERFORMANCE:|11|11|-1|-1

2026-04-18 12:02:33,439 INFO PERFORMANCE:|11|11|-1|-1

2026-04-18 12:07:33,439 INFO PERFORMANCE:|11|11|-1|-1

2026-04-18 12:12:33,440 INFO PERFORMANCE:|11|11|-1|-1

2026-04-18 12:17:33,441 INFO PERFORMANCE:|11|11|-1|-1

2026-04-18 12:22:33,442 INFO PERFORMANCE:|11|11|-1|-1

2026-04-18 12:27:33,442 INFO PERFORMANCE:|11|11|-1|-1

2026-04-18 12:32:33,443 INFO PERFORMANCE:|11|11|-1|-1

2026-04-18 12:37:33,444 INFO PERFORMANCE:|11|11|-1|-1

2026-04-18 12:42:33,444 INFO PERFORMANCE:|11|11|-1|-1

2026-04-18 12:47:33,445 INFO PERFORMANCE:|11|11|-1|-1

2026-04-18 12:52:33,446 INFO PERFORMANCE:|11|11|-1|-1

2026-04-18 12:57:33,447 INFO PERFORMANCE:|11|11|-1|-1

2026-04-18 13:02:33,447 INFO PERFORMANCE:|11|11|-1|-1

2026-04-18 13:07:33,448 INFO PERFORMANCE:|11|11|-1|-1

2026-04-18 13:12:33,449 INFO PERFORMANCE:|11|11|-1|-1

2026-04-18 13:17:33,449 INFO PERFORMANCE:|11|11|-1|-1

2026-04-18 13:22:33,450 INFO PERFORMANCE:|11|11|-1|-1

2026-04-18 13:27:33,450 INFO PERFORMANCE:|11|11|-1|-1

2026-04-18 13:32:33,451 INFO PERFORMANCE:|11|11|-1|-1

2026-04-18 13:37:33,452 INFO PERFORMANCE:|11|11|-1|-1

2026-04-18 13:42:33,452 INFO PERFORMANCE:|11|11|-1|-1

2026-04-18 13:47:33,453 INFO PERFORMANCE:|11|11|-1|-1

2026-04-18 13:52:33,453 INFO PERFORMANCE:|11|10|-1|-1

2026-04-18 13:57:33,454 INFO PERFORMANCE:|11|11|-1|-1

2026-04-18 14:02:33,455 INFO PERFORMANCE:|11|11|-1|-1

2026-04-18 14:07:33,456 INFO PERFORMANCE:|11|11|-1|-1

2026-04-18 14:12:33,457 INFO PERFORMANCE:|11|11|-1|-1

2026-04-18 14:17:33,458 INFO PERFORMANCE:|11|11|-1|-1

2026-04-18 14:22:33,458 INFO PERFORMANCE:|11|11|-1|-1

2026-04-18 14:27:33,460 INFO PERFORMANCE:|11|11|-1|-1

2026-04-18 14:32:33,460 INFO PERFORMANCE:|11|11|-1|-1

2026-04-18 14:37:33,461 INFO PERFORMANCE:|11|11|-1|-1

2026-04-18 14:42:33,461 INFO PERFORMANCE:|11|11|-1|-1

2026-04-18 14:47:33,462 INFO PERFORMANCE:|11|11|-1|-1

