
         ,--.
       ,--.'|
   ,--,:  : |                                           Nacos 1.2.1
,`--.'`|  ' :                       ,---.               Running in stand alone mode, All function modules
|   :  :  | |                      '   ,'\   .--.--.    Port: 8848
:   |   \ | :  ,--.--.     ,---.  /   /   | /  /    '   Pid: 27
|   : '  '; | /       \   /     \.   ; ,. :|  :  /`./   Console: http://172.18.0.5:8848/nacos/index.html
'   ' ;.    ;.--.  .-. | /    / ''   | |: :|  :  ;_
|   | | \   | \__\/: . ..    ' / '   | .; : \  \    `.      https://nacos.io
'   : |  ; .' ," .--.; |'   ; :__|   :    |  `----.   \
|   | '`--'  /  /  ,.  |'   | '.'|\   \  /  /  /`--'  /
'   : |     ;  :   .'   \   :    : `----'  '--'.     /
;   |.'     |  ,     .-./\   \  /            `--'---'
'---'        `--`---'     `----'

2026-04-18 06:21:57,942 INFO Bean 'org.springframework.security.config.annotation.configuration.ObjectPostProcessorConfiguration' of type [org.springframework.security.config.annotation.configuration.ObjectPostProcessorConfiguration$$EnhancerBySpringCGLIB$$53c747c0] is not eligible for getting processed by all BeanPostProcessors (for example: not eligible for auto-proxying)

2026-04-18 06:21:58,103 INFO Bean 'objectPostProcessor' of type [org.springframework.security.config.annotation.configuration.AutowireBeanFactoryObjectPostProcessor] is not eligible for getting processed by all BeanPostProcessors (for example: not eligible for auto-proxying)

2026-04-18 06:21:58,109 INFO Bean 'org.springframework.security.access.expression.method.DefaultMethodSecurityExpressionHandler@3de8f619' of type [org.springframework.security.access.expression.method.DefaultMethodSecurityExpressionHandler] is not eligible for getting processed by all BeanPostProcessors (for example: not eligible for auto-proxying)

2026-04-18 06:21:58,116 INFO Bean 'org.springframework.security.config.annotation.method.configuration.GlobalMethodSecurityConfiguration' of type [org.springframework.security.config.annotation.method.configuration.GlobalMethodSecurityConfiguration$$EnhancerBySpringCGLIB$$789bea72] is not eligible for getting processed by all BeanPostProcessors (for example: not eligible for auto-proxying)

2026-04-18 06:21:58,125 INFO Bean 'methodSecurityMetadataSource' of type [org.springframework.security.access.method.DelegatingMethodSecurityMetadataSource] is not eligible for getting processed by all BeanPostProcessors (for example: not eligible for auto-proxying)

2026-04-18 06:21:59,128 INFO Tomcat initialized with port(s): 8848 (http)

2026-04-18 06:21:59,371 INFO Root WebApplicationContext: initialization completed in 5065 ms

2026-04-18 06:22:04,149 INFO Initializing ExecutorService 'applicationTaskExecutor'

2026-04-18 06:22:04,576 INFO Adding welcome page: class path resource [static/index.html]

2026-04-18 06:22:05,457 INFO Creating filter chain: Ant [pattern='/**'], []

2026-04-18 06:22:05,540 INFO Creating filter chain: any request, [org.springframework.security.web.context.request.async.WebAsyncManagerIntegrationFilter@5dd91bca, org.springframework.security.web.context.SecurityContextPersistenceFilter@25b2cfcb, org.springframework.security.web.header.HeaderWriterFilter@6aecbb8d, org.springframework.security.web.csrf.CsrfFilter@3f792b9b, org.springframework.security.web.authentication.logout.LogoutFilter@60a2630a, org.springframework.security.web.savedrequest.RequestCacheAwareFilter@fb9c7aa, org.springframework.security.web.servletapi.SecurityContextHolderAwareRequestFilter@21baa903, org.springframework.security.web.authentication.AnonymousAuthenticationFilter@40cb698e, org.springframework.security.web.session.SessionManagementFilter@4da602fc, org.springframework.security.web.access.ExceptionTranslationFilter@4b20ca2b]

2026-04-18 06:22:05,781 INFO Exposing 2 endpoint(s) beneath base path '/actuator'

2026-04-18 06:22:05,864 INFO Initializing ExecutorService 'taskScheduler'

2026-04-18 06:22:06,363 INFO Tomcat started on port(s): 8848 (http) with context path '/nacos'

2026-04-18 06:22:06,384 INFO Nacos logs files: /home/nacos/logs/

2026-04-18 06:22:06,384 INFO Nacos conf files: /home/nacos/conf/

2026-04-18 06:22:06,384 INFO Nacos data files: /home/nacos/data/

2026-04-18 06:22:06,385 INFO Nacos started successfully in stand alone mode.

2026-04-18 06:22:06,456 INFO Initializing Servlet 'dispatcherServlet'

2026-04-18 06:22:06,506 INFO Completed initialization in 50 ms

