2026-04-15 18:26:39 crm [main] INFO  com.alibaba.nacos.client.config.impl.LocalConfigInfoProcessor - LOCAL_SNAPSHOT_PATH:/root/nacos/config 
2026-04-15 18:26:40 crm [main] INFO  com.alibaba.nacos.client.config.impl.Limiter - limitTime:5.0 
2026-04-15 18:26:40 crm [main] WARN  com.alibaba.cloud.nacos.client.NacosPropertySourceBuilder - Ignore the empty nacos configuration and get it based on dataId[crm] & group[DEFAULT_GROUP] 
2026-04-15 18:26:40 crm [main] WARN  com.alibaba.cloud.nacos.client.NacosPropertySourceBuilder - Ignore the empty nacos configuration and get it based on dataId[crm.yaml] & group[DEFAULT_GROUP] 
2026-04-15 18:26:40 crm [main] WARN  com.alibaba.cloud.nacos.client.NacosPropertySourceBuilder - Ignore the empty nacos configuration and get it based on dataId[crm-core.yaml] & group[DEFAULT_GROUP] 
2026-04-15 18:26:40 crm [main] WARN  com.alibaba.cloud.nacos.client.NacosPropertySourceBuilder - Ignore the empty nacos configuration and get it based on dataId[crm-test.yaml] & group[DEFAULT_GROUP] 
2026-04-15 18:26:40 crm [main] WARN  com.alibaba.cloud.nacos.client.NacosPropertySourceBuilder - Ignore the empty nacos configuration and get it based on dataId[crm-dev.yaml] & group[DEFAULT_GROUP] 
2026-04-15 18:26:40 crm [main] INFO  org.springframework.cloud.bootstrap.config.PropertySourceBootstrapConfiguration - Located property source: [BootstrapPropertySource {name='bootstrapProperties-crm-dev.yaml,DEFAULT_GROUP'}, BootstrapPropertySource {name='bootstrapProperties-crm-test.yaml,DEFAULT_GROUP'}, BootstrapPropertySource {name='bootstrapProperties-crm-core.yaml,DEFAULT_GROUP'}, BootstrapPropertySource {name='bootstrapProperties-crm.yaml,DEFAULT_GROUP'}, BootstrapPropertySource {name='bootstrapProperties-crm,DEFAULT_GROUP'}] 
2026-04-15 18:26:40 crm [main] INFO  com.kakarote.crm.CrmApplication - The following profiles are active: core,test,dev 
2026-04-15 18:26:49 crm [main] WARN  org.springframework.boot.actuate.endpoint.EndpointId - Endpoint ID 'nacos-config' contains invalid characters, please migrate to a valid format. 
2026-04-15 18:26:49 crm [main] WARN  org.springframework.boot.actuate.endpoint.EndpointId - Endpoint ID 'nacos-discovery' contains invalid characters, please migrate to a valid format. 
2026-04-15 18:26:51 crm [main] INFO  org.springframework.data.repository.config.RepositoryConfigurationDelegate - Multiple Spring Data modules found, entering strict repository configuration mode! 
2026-04-15 18:26:51 crm [main] INFO  org.springframework.data.repository.config.RepositoryConfigurationDelegate - Bootstrapping Spring Data Elasticsearch repositories in DEFAULT mode. 
2026-04-15 18:26:51 crm [main] INFO  org.springframework.data.repository.config.RepositoryConfigurationDelegate - Finished Spring Data repository scanning in 275ms. Found 0 Elasticsearch repository interfaces. 
2026-04-15 18:26:51 crm [main] INFO  org.springframework.data.repository.config.RepositoryConfigurationDelegate - Multiple Spring Data modules found, entering strict repository configuration mode! 
2026-04-15 18:26:51 crm [main] INFO  org.springframework.data.repository.config.RepositoryConfigurationDelegate - Bootstrapping Spring Data Reactive Elasticsearch repositories in DEFAULT mode. 
2026-04-15 18:26:52 crm [main] INFO  org.springframework.data.repository.config.RepositoryConfigurationDelegate - Finished Spring Data repository scanning in 192ms. Found 0 Reactive Elasticsearch repository interfaces. 
2026-04-15 18:26:52 crm [main] INFO  org.springframework.data.repository.config.RepositoryConfigurationDelegate - Multiple Spring Data modules found, entering strict repository configuration mode! 
2026-04-15 18:26:52 crm [main] INFO  org.springframework.data.repository.config.RepositoryConfigurationDelegate - Bootstrapping Spring Data Redis repositories in DEFAULT mode. 
2026-04-15 18:26:52 crm [main] INFO  org.springframework.data.repository.config.RepositoryConfigurationDelegate - Finished Spring Data repository scanning in 76ms. Found 0 Redis repository interfaces. 
2026-04-15 18:26:54 crm [main] WARN  org.springframework.boot.actuate.endpoint.EndpointId - Endpoint ID 'service-registry' contains invalid characters, please migrate to a valid format. 
2026-04-15 18:26:56 crm [main] INFO  org.springframework.cloud.context.scope.GenericScope - BeanFactory id=f759f112-2a13-390d-a0f1-88c2b8f7826e 
2026-04-15 18:27:00 crm [main] INFO  org.springframework.context.support.PostProcessorRegistrationDelegate$BeanPostProcessorChecker - Bean 'com.kakarote.core.feign.admin.service.AdminFileService' of type [org.springframework.cloud.openfeign.FeignClientFactoryBean] is not eligible for getting processed by all BeanPostProcessors (for example: not eligible for auto-proxying) 
2026-04-15 18:27:00 crm [main] INFO  org.springframework.context.support.PostProcessorRegistrationDelegate$BeanPostProcessorChecker - Bean 'com.kakarote.core.feign.admin.service.AdminMessageService' of type [org.springframework.cloud.openfeign.FeignClientFactoryBean] is not eligible for getting processed by all BeanPostProcessors (for example: not eligible for auto-proxying) 
2026-04-15 18:27:00 crm [main] INFO  org.springframework.context.support.PostProcessorRegistrationDelegate$BeanPostProcessorChecker - Bean 'com.kakarote.core.feign.admin.service.AdminService' of type [org.springframework.cloud.openfeign.FeignClientFactoryBean] is not eligible for getting processed by all BeanPostProcessors (for example: not eligible for auto-proxying) 
2026-04-15 18:27:00 crm [main] INFO  org.springframework.context.support.PostProcessorRegistrationDelegate$BeanPostProcessorChecker - Bean 'com.kakarote.core.feign.admin.service.CallUserService' of type [org.springframework.cloud.openfeign.FeignClientFactoryBean] is not eligible for getting processed by all BeanPostProcessors (for example: not eligible for auto-proxying) 
2026-04-15 18:27:00 crm [main] INFO  org.springframework.context.support.PostProcessorRegistrationDelegate$BeanPostProcessorChecker - Bean 'com.kakarote.core.feign.admin.service.LogService' of type [org.springframework.cloud.openfeign.FeignClientFactoryBean] is not eligible for getting processed by all BeanPostProcessors (for example: not eligible for auto-proxying) 
2026-04-15 18:27:00 crm [main] INFO  org.springframework.context.support.PostProcessorRegistrationDelegate$BeanPostProcessorChecker - Bean 'com.kakarote.core.feign.crm.service.CrmAnalysisService' of type [org.springframework.cloud.openfeign.FeignClientFactoryBean] is not eligible for getting processed by all BeanPostProcessors (for example: not eligible for auto-proxying) 
2026-04-15 18:27:00 crm [main] INFO  org.springframework.context.support.PostProcessorRegistrationDelegate$BeanPostProcessorChecker - Bean 'com.kakarote.core.feign.crm.service.CrmEventService' of type [org.springframework.cloud.openfeign.FeignClientFactoryBean] is not eligible for getting processed by all BeanPostProcessors (for example: not eligible for auto-proxying) 
2026-04-15 18:27:00 crm [main] INFO  org.springframework.context.support.PostProcessorRegistrationDelegate$BeanPostProcessorChecker - Bean 'com.kakarote.core.feign.crm.service.CrmExamineService' of type [org.springframework.cloud.openfeign.FeignClientFactoryBean] is not eligible for getting processed by all BeanPostProcessors (for example: not eligible for auto-proxying) 
2026-04-15 18:27:00 crm [main] INFO  org.springframework.context.support.PostProcessorRegistrationDelegate$BeanPostProcessorChecker - Bean 'com.kakarote.core.feign.crm.service.CrmService' of type [org.springframework.cloud.openfeign.FeignClientFactoryBean] is not eligible for getting processed by all BeanPostProcessors (for example: not eligible for auto-proxying) 
2026-04-15 18:27:00 crm [main] INFO  org.springframework.context.support.PostProcessorRegistrationDelegate$BeanPostProcessorChecker - Bean 'com.kakarote.core.feign.email.EmailService' of type [org.springframework.cloud.openfeign.FeignClientFactoryBean] is not eligible for getting processed by all BeanPostProcessors (for example: not eligible for auto-proxying) 
2026-04-15 18:27:00 crm [main] INFO  org.springframework.context.support.PostProcessorRegistrationDelegate$BeanPostProcessorChecker - Bean 'com.kakarote.core.feign.examine.service.ExamineService' of type [org.springframework.cloud.openfeign.FeignClientFactoryBean] is not eligible for getting processed by all BeanPostProcessors (for example: not eligible for auto-proxying) 
2026-04-15 18:27:00 crm [main] INFO  org.springframework.context.support.PostProcessorRegistrationDelegate$BeanPostProcessorChecker - Bean 'com.kakarote.core.feign.hrm.service.HrmService' of type [org.springframework.cloud.openfeign.FeignClientFactoryBean] is not eligible for getting processed by all BeanPostProcessors (for example: not eligible for auto-proxying) 
2026-04-15 18:27:00 crm [main] INFO  org.springframework.context.support.PostProcessorRegistrationDelegate$BeanPostProcessorChecker - Bean 'com.kakarote.core.feign.hrm.service.SalaryRecordService' of type [org.springframework.cloud.openfeign.FeignClientFactoryBean] is not eligible for getting processed by all BeanPostProcessors (for example: not eligible for auto-proxying) 
2026-04-15 18:27:00 crm [main] INFO  org.springframework.context.support.PostProcessorRegistrationDelegate$BeanPostProcessorChecker - Bean 'com.kakarote.core.feign.jxc.service.JxcExamineService' of type [org.springframework.cloud.openfeign.FeignClientFactoryBean] is not eligible for getting processed by all BeanPostProcessors (for example: not eligible for auto-proxying) 
2026-04-15 18:27:00 crm [main] INFO  org.springframework.context.support.PostProcessorRegistrationDelegate$BeanPostProcessorChecker - Bean 'com.kakarote.core.feign.km.KmService' of type [org.springframework.cloud.openfeign.FeignClientFactoryBean] is not eligible for getting processed by all BeanPostProcessors (for example: not eligible for auto-proxying) 
2026-04-15 18:27:00 crm [main] INFO  org.springframework.context.support.PostProcessorRegistrationDelegate$BeanPostProcessorChecker - Bean 'com.kakarote.core.feign.oa.OaService' of type [org.springframework.cloud.openfeign.FeignClientFactoryBean] is not eligible for getting processed by all BeanPostProcessors (for example: not eligible for auto-proxying) 
2026-04-15 18:27:00 crm [main] INFO  org.springframework.context.support.PostProcessorRegistrationDelegate$BeanPostProcessorChecker - Bean 'com.kakarote.core.feign.work.WorkService' of type [org.springframework.cloud.openfeign.FeignClientFactoryBean] is not eligible for getting processed by all BeanPostProcessors (for example: not eligible for auto-proxying) 
2026-04-15 18:27:01 crm [main] INFO  org.springframework.context.support.PostProcessorRegistrationDelegate$BeanPostProcessorChecker - Bean 'io.seata.spring.boot.autoconfigure.SeataAutoConfiguration' of type [io.seata.spring.boot.autoconfigure.SeataAutoConfiguration$$EnhancerBySpringCGLIB$$2dfc1b82] is not eligible for getting processed by all BeanPostProcessors (for example: not eligible for auto-proxying) 
2026-04-15 18:27:01 crm [main] INFO  org.springframework.context.support.PostProcessorRegistrationDelegate$BeanPostProcessorChecker - Bean 'springApplicationContextProvider' of type [io.seata.spring.boot.autoconfigure.provider.SpringApplicationContextProvider] is not eligible for getting processed by all BeanPostProcessors (for example: not eligible for auto-proxying) 
2026-04-15 18:27:01 crm [main] INFO  org.springframework.context.support.PostProcessorRegistrationDelegate$BeanPostProcessorChecker - Bean 'failureHandler' of type [io.seata.tm.api.DefaultFailureHandlerImpl] is not eligible for getting processed by all BeanPostProcessors (for example: not eligible for auto-proxying) 
2026-04-15 18:27:01 crm [main] INFO  org.springframework.context.support.PostProcessorRegistrationDelegate$BeanPostProcessorChecker - Bean 'spring.cloud.alibaba.seata-io.seata.spring.boot.autoconfigure.properties.SpringCloudAlibabaConfiguration' of type [io.seata.spring.boot.autoconfigure.properties.SpringCloudAlibabaConfiguration] is not eligible for getting processed by all BeanPostProcessors (for example: not eligible for auto-proxying) 
2026-04-15 18:27:01 crm [main] INFO  org.springframework.context.support.PostProcessorRegistrationDelegate$BeanPostProcessorChecker - Bean 'seata-io.seata.spring.boot.autoconfigure.properties.SeataProperties' of type [io.seata.spring.boot.autoconfigure.properties.SeataProperties] is not eligible for getting processed by all BeanPostProcessors (for example: not eligible for auto-proxying) 
2026-04-15 18:27:01 crm [main] INFO  io.seata.spring.boot.autoconfigure.SeataAutoConfiguration - Automatically configure Seata 
2026-04-15 18:27:02 crm [main] INFO  io.seata.config.ConfigurationFactory - load Configuration:FileConfiguration$$EnhancerByCGLIB$$862af1eb 
2026-04-15 18:27:02 crm [main] INFO  org.springframework.context.support.PostProcessorRegistrationDelegate$BeanPostProcessorChecker - Bean 'configProperties' of type [io.seata.spring.boot.autoconfigure.properties.registry.ConfigProperties] is not eligible for getting processed by all BeanPostProcessors (for example: not eligible for auto-proxying) 
2026-04-15 18:27:02 crm [main] INFO  org.springframework.context.support.PostProcessorRegistrationDelegate$BeanPostProcessorChecker - Bean 'configNacosProperties' of type [io.seata.spring.boot.autoconfigure.properties.registry.ConfigNacosProperties] is not eligible for getting processed by all BeanPostProcessors (for example: not eligible for auto-proxying) 
2026-04-15 18:27:02 crm [main] INFO  io.seata.spring.annotation.GlobalTransactionScanner - Initializing Global Transaction Clients ...  
2026-04-15 18:27:03 crm [main] INFO  io.seata.core.rpc.netty.AbstractRpcRemotingClient - RpcClientBootstrap has started 
2026-04-15 18:27:03 crm [main] INFO  io.seata.spring.annotation.GlobalTransactionScanner - Transaction Manager Client is initialized. applicationId[crm] txServiceGroup[crm_tx_group] 
2026-04-15 18:27:03 crm [main] INFO  io.seata.rm.datasource.AsyncWorker - Async Commit Buffer Limit: 10000 
2026-04-15 18:27:04 crm [main] INFO  io.seata.rm.datasource.xa.ResourceManagerXA - ResourceManagerXA init ... 
2026-04-15 18:27:04 crm [main] INFO  io.seata.core.rpc.netty.AbstractRpcRemotingClient - RpcClientBootstrap has started 
2026-04-15 18:27:04 crm [main] INFO  io.seata.spring.annotation.GlobalTransactionScanner - Resource Manager is initialized. applicationId[crm] txServiceGroup[crm_tx_group] 
2026-04-15 18:27:04 crm [main] INFO  io.seata.spring.annotation.GlobalTransactionScanner - Global Transaction Clients are initialized.  
2026-04-15 18:27:08 crm [main] INFO  org.springframework.context.support.PostProcessorRegistrationDelegate$BeanPostProcessorChecker - Bean 'com.alicp.jetcache.anno.config.JetCacheProxyConfiguration' of type [com.alicp.jetcache.anno.config.JetCacheProxyConfiguration$$EnhancerBySpringCGLIB$$70a9e03d] is not eligible for getting processed by all BeanPostProcessors (for example: not eligible for auto-proxying) 
2026-04-15 18:27:08 crm [main] INFO  org.springframework.context.support.PostProcessorRegistrationDelegate$BeanPostProcessorChecker - Bean 'com.alicp.jetcache.anno.config.CommonConfiguration' of type [com.alicp.jetcache.anno.config.CommonConfiguration$$EnhancerBySpringCGLIB$$efb025b5] is not eligible for getting processed by all BeanPostProcessors (for example: not eligible for auto-proxying) 
2026-04-15 18:27:10 crm [main] INFO  org.springframework.context.support.PostProcessorRegistrationDelegate$BeanPostProcessorChecker - Bean 'spring.cloud.sentinel-com.alibaba.cloud.sentinel.SentinelProperties' of type [com.alibaba.cloud.sentinel.SentinelProperties] is not eligible for getting processed by all BeanPostProcessors (for example: not eligible for auto-proxying) 
2026-04-15 18:27:10 crm [main] INFO  org.springframework.context.support.PostProcessorRegistrationDelegate$BeanPostProcessorChecker - Bean 'com.alibaba.cloud.sentinel.custom.SentinelAutoConfiguration' of type [com.alibaba.cloud.sentinel.custom.SentinelAutoConfiguration] is not eligible for getting processed by all BeanPostProcessors (for example: not eligible for auto-proxying) 
2026-04-15 18:27:14 crm [main] WARN  io.undertow.websockets.jsr - UT026010: Buffer pool was not set on WebSocketDeploymentInfo, the default pool will be used 
2026-04-15 18:27:14 crm [main] INFO  io.undertow.servlet - Initializing Spring embedded WebApplicationContext 
2026-04-15 18:27:14 crm [main] INFO  org.springframework.web.context.ContextLoader - Root WebApplicationContext: initialization completed in 33907 ms 
2026-04-15 18:27:19 crm [main] INFO  com.alibaba.nacos.client.naming - initializer namespace from System Property :null 
2026-04-15 18:27:19 crm [main] INFO  com.alibaba.nacos.client.naming - initializer namespace from System Environment :null 
2026-04-15 18:27:19 crm [main] INFO  com.alibaba.nacos.client.naming - initializer namespace from System Property :null 
2026-04-15 18:27:23 crm [main] INFO  com.alibaba.druid.spring.boot.autoconfigure.DruidDataSourceAutoConfigure - Init DruidDataSource 
2026-04-15 18:27:25 crm [main] INFO  com.alibaba.druid.pool.DruidDataSource - {dataSource-1} inited 
2026-04-15 18:27:26 crm [main] INFO  io.seata.spring.annotation.datasource.SeataAutoDataSourceProxyCreator - Auto proxy of [dataSource] 
2026-04-15 18:27:28 crm [main] INFO  com.alibaba.nacos.client.config.utils.JVMUtil - isMultiInstance:false 
2026-04-15 18:27:28 crm [main] INFO  com.alibaba.nacos.client.naming - initializer namespace from System Property :null 
2026-04-15 18:27:28 crm [main] INFO  com.alibaba.nacos.client.naming - initializer namespace from System Environment :null 
2026-04-15 18:27:28 crm [main] INFO  com.alibaba.nacos.client.naming - initializer namespace from System Property :null 
2026-04-15 18:27:29 crm [main] INFO  com.alibaba.nacos.client.naming - new ips(1) service: DEFAULT_GROUP@@seata-server@@default -> [{"clusterName":"default","enabled":true,"ephemeral":true,"healthy":true,"instanceHeartBeatInterval":5000,"instanceHeartBeatTimeOut":15000,"instanceId":"172.18.0.5#8091#default#DEFAULT_GROUP@@seata-server","instanceIdGenerator":"simple","ip":"172.18.0.5","ipDeleteTimeout":30000,"metadata":{},"port":8091,"serviceName":"DEFAULT_GROUP@@seata-server","weight":1.0}] 
2026-04-15 18:27:29 crm [main] INFO  com.alibaba.nacos.client.naming - current ips:(1) service: DEFAULT_GROUP@@seata-server@@default -> [{"clusterName":"default","enabled":true,"ephemeral":true,"healthy":true,"instanceHeartBeatInterval":5000,"instanceHeartBeatTimeOut":15000,"instanceId":"172.18.0.5#8091#default#DEFAULT_GROUP@@seata-server","instanceIdGenerator":"simple","ip":"172.18.0.5","ipDeleteTimeout":30000,"metadata":{},"port":8091,"serviceName":"DEFAULT_GROUP@@seata-server","weight":1.0}] 
2026-04-15 18:27:29 crm [main] INFO  com.alibaba.nacos.client.naming - [LISTENER] adding DEFAULT_GROUP@@seata-server with default to listener map 
2026-04-15 18:27:29 crm [main] INFO  io.seata.core.rpc.netty.NettyClientChannelManager - will connect to 172.18.0.5:8091 
2026-04-15 18:27:29 crm [main] INFO  io.seata.core.rpc.netty.RmRpcClient - RM will register :jdbc:mysql://mysql:3306/wk_crm_single 
2026-04-15 18:27:29 crm [main] INFO  io.seata.core.rpc.netty.NettyPoolableFactory - NettyPool create channel to transactionRole:RMROLE,address:172.18.0.5:8091,msg:< RegisterRMRequest{resourceIds='jdbc:mysql://mysql:3306/wk_crm_single', applicationId='crm', transactionServiceGroup='crm_tx_group'} > 
2026-04-15 18:27:30 crm [NettyClientSelector_RMROLE_1] WARN  io.seata.common.loader.EnhancedServiceLoader$InnerEnhancedServiceLoader - Load [io.seata.serializer.hessian.HessianSerializer] class fail. com/caucho/hessian/io/AbstractHessianOutput 
2026-04-15 18:27:30 crm [main] INFO  io.seata.core.rpc.netty.RmRpcClient - register RM success. server version:1.2.0,channel:[id: 0xc1c794f6, L:/172.18.0.5:43542 - R:/172.18.0.5:8091] 
2026-04-15 18:27:30 crm [main] INFO  io.seata.core.rpc.netty.NettyPoolableFactory - register success, cost 440 ms, version:1.2.0,role:RMROLE,channel:[id: 0xc1c794f6, L:/172.18.0.5:43542 - R:/172.18.0.5:8091] 
2026-04-15 18:27:47 crm [main] WARN  org.springframework.boot.web.servlet.context.AnnotationConfigServletWebServerApplicationContext - Exception encountered during context initialization - cancelling refresh attempt: org.springframework.beans.factory.UnsatisfiedDependencyException: Error creating bean with name 'actionRecordUtil': Unsatisfied dependency expressed through field 'crmCustomerService'; nested exception is org.springframework.beans.factory.UnsatisfiedDependencyException: Error creating bean with name 'customerService': Unsatisfied dependency expressed through field 'baseMapper'; nested exception is org.springframework.beans.factory.UnsatisfiedDependencyException: Error creating bean with name 'crmCustomerMapper' defined in URL [jar:file:/opt/package/crm/wk_crm-0.0.1-SNAPSHOT.jar!/com/kakarote/crm/mapper/CrmCustomerMapper.class]: Unsatisfied dependency expressed through bean property 'sqlSessionFactory'; nested exception is org.springframework.beans.factory.BeanCreationException: Error creating bean with name 'sqlSessionFactory' defined in class path resource [com/baomidou/mybatisplus/autoconfigure/MybatisPlusAutoConfiguration.class]: Bean instantiation via factory method failed; nested exception is org.springframework.beans.BeanInstantiationException: Failed to instantiate [org.apache.ibatis.session.SqlSessionFactory]: Factory method 'sqlSessionFactory' threw exception; nested exception is org.springframework.core.NestedIOException: Failed to parse mapping resource: 'class path resource [mapper/xml/CallRecordMapper.xml]'; nested exception is org.apache.ibatis.builder.BuilderException: Error creating document instance.  Cause: org.xml.sax.SAXParseExceptionpublicId: -//mybatis.org//DTD Mapper 3.0//EN; systemId: https://www.72crm.com/; lineNumber: 1; columnNumber: 3; The markup declarations contained or pointed to by the document type declaration must be well-formed. 
2026-04-15 18:27:47 crm [main] INFO  com.alibaba.druid.pool.DruidDataSource - {dataSource-1} closing ... 
2026-04-15 18:27:47 crm [main] INFO  com.alibaba.druid.pool.DruidDataSource - {dataSource-1} closed 
2026-04-15 18:27:47 crm [main] INFO  org.springframework.boot.autoconfigure.logging.ConditionEvaluationReportLoggingListener - 

Error starting ApplicationContext. To display the conditions report re-run your application with 'debug' enabled. 
2026-04-15 18:27:47 crm [main] ERROR org.springframework.boot.SpringApplication - Application run failed 
org.springframework.beans.factory.UnsatisfiedDependencyException: Error creating bean with name 'actionRecordUtil': Unsatisfied dependency expressed through field 'crmCustomerService'; nested exception is org.springframework.beans.factory.UnsatisfiedDependencyException: Error creating bean with name 'customerService': Unsatisfied dependency expressed through field 'baseMapper'; nested exception is org.springframework.beans.factory.UnsatisfiedDependencyException: Error creating bean with name 'crmCustomerMapper' defined in URL [jar:file:/opt/package/crm/wk_crm-0.0.1-SNAPSHOT.jar!/com/kakarote/crm/mapper/CrmCustomerMapper.class]: Unsatisfied dependency expressed through bean property 'sqlSessionFactory'; nested exception is org.springframework.beans.factory.BeanCreationException: Error creating bean with name 'sqlSessionFactory' defined in class path resource [com/baomidou/mybatisplus/autoconfigure/MybatisPlusAutoConfiguration.class]: Bean instantiation via factory method failed; nested exception is org.springframework.beans.BeanInstantiationException: Failed to instantiate [org.apache.ibatis.session.SqlSessionFactory]: Factory method 'sqlSessionFactory' threw exception; nested exception is org.springframework.core.NestedIOException: Failed to parse mapping resource: 'class path resource [mapper/xml/CallRecordMapper.xml]'; nested exception is org.apache.ibatis.builder.BuilderException: Error creating document instance.  Cause: org.xml.sax.SAXParseExceptionpublicId: -//mybatis.org//DTD Mapper 3.0//EN; systemId: https://www.72crm.com/; lineNumber: 1; columnNumber: 3; The markup declarations contained or pointed to by the document type declaration must be well-formed.
	at org.springframework.beans.factory.annotation.AutowiredAnnotationBeanPostProcessor$AutowiredFieldElement.inject(AutowiredAnnotationBeanPostProcessor.java:643)
	at org.springframework.beans.factory.annotation.InjectionMetadata.inject(InjectionMetadata.java:130)
	at org.springframework.beans.factory.annotation.AutowiredAnnotationBeanPostProcessor.postProcessProperties(AutowiredAnnotationBeanPostProcessor.java:399)
	at org.springframework.beans.factory.support.AbstractAutowireCapableBeanFactory.populateBean(AbstractAutowireCapableBeanFactory.java:1422)
	at org.springframework.beans.factory.support.AbstractAutowireCapableBeanFactory.doCreateBean(AbstractAutowireCapableBeanFactory.java:594)
	at org.springframework.beans.factory.support.AbstractAutowireCapableBeanFactory.createBean(AbstractAutowireCapableBeanFactory.java:517)
	at org.springframework.beans.factory.support.AbstractBeanFactory.lambda$doGetBean$0(AbstractBeanFactory.java:323)
	at org.springframework.beans.factory.support.DefaultSingletonBeanRegistry.getSingleton(DefaultSingletonBeanRegistry.java:222)
	at org.springframework.beans.factory.support.AbstractBeanFactory.doGetBean(AbstractBeanFactory.java:321)
	at org.springframework.beans.factory.support.AbstractBeanFactory.getBean(AbstractBeanFactory.java:202)
	at org.springframework.beans.factory.support.DefaultListableBeanFactory.preInstantiateSingletons(DefaultListableBeanFactory.java:879)
	at org.springframework.context.support.AbstractApplicationContext.finishBeanFactoryInitialization(AbstractApplicationContext.java:878)
	at org.springframework.context.support.AbstractApplicationContext.refresh(AbstractApplicationContext.java:550)
	at org.springframework.boot.web.servlet.context.ServletWebServerApplicationContext.refresh(ServletWebServerApplicationContext.java:141)
	at org.springframework.boot.SpringApplication.refresh(SpringApplication.java:747)
	at org.springframework.boot.SpringApplication.refreshContext(SpringApplication.java:397)
	at org.springframework.boot.SpringApplication.run(SpringApplication.java:315)
	at org.springframework.boot.SpringApplication.run(SpringApplication.java:1226)
	at org.springframework.boot.SpringApplication.run(SpringApplication.java:1215)
	at com.kakarote.crm.CrmApplication.main(CrmApplication.java:29)
Caused by: org.springframework.beans.factory.UnsatisfiedDependencyException: Error creating bean with name 'customerService': Unsatisfied dependency expressed through field 'baseMapper'; nested exception is org.springframework.beans.factory.UnsatisfiedDependencyException: Error creating bean with name 'crmCustomerMapper' defined in URL [jar:file:/opt/package/crm/wk_crm-0.0.1-SNAPSHOT.jar!/com/kakarote/crm/mapper/CrmCustomerMapper.class]: Unsatisfied dependency expressed through bean property 'sqlSessionFactory'; nested exception is org.springframework.beans.factory.BeanCreationException: Error creating bean with name 'sqlSessionFactory' defined in class path resource [com/baomidou/mybatisplus/autoconfigure/MybatisPlusAutoConfiguration.class]: Bean instantiation via factory method failed; nested exception is org.springframework.beans.BeanInstantiationException: Failed to instantiate [org.apache.ibatis.session.SqlSessionFactory]: Factory method 'sqlSessionFactory' threw exception; nested exception is org.springframework.core.NestedIOException: Failed to parse mapping resource: 'class path resource [mapper/xml/CallRecordMapper.xml]'; nested exception is org.apache.ibatis.builder.BuilderException: Error creating document instance.  Cause: org.xml.sax.SAXParseExceptionpublicId: -//mybatis.org//DTD Mapper 3.0//EN; systemId: https://www.72crm.com/; lineNumber: 1; columnNumber: 3; The markup declarations contained or pointed to by the document type declaration must be well-formed.
	at org.springframework.beans.factory.annotation.AutowiredAnnotationBeanPostProcessor$AutowiredFieldElement.inject(AutowiredAnnotationBeanPostProcessor.java:643)
	at org.springframework.beans.factory.annotation.InjectionMetadata.inject(InjectionMetadata.java:130)
	at org.springframework.beans.factory.annotation.AutowiredAnnotationBeanPostProcessor.postProcessProperties(AutowiredAnnotationBeanPostProcessor.java:399)
	at org.springframework.beans.factory.support.AbstractAutowireCapableBeanFactory.populateBean(AbstractAutowireCapableBeanFactory.java:1422)
	at org.springframework.beans.factory.support.AbstractAutowireCapableBeanFactory.doCreateBean(AbstractAutowireCapableBeanFactory.java:594)
	at org.springframework.beans.factory.support.AbstractAutowireCapableBeanFactory.createBean(AbstractAutowireCapableBeanFactory.java:517)
	at org.springframework.beans.factory.support.AbstractBeanFactory.lambda$doGetBean$0(AbstractBeanFactory.java:323)
	at org.springframework.beans.factory.support.DefaultSingletonBeanRegistry.getSingleton(DefaultSingletonBeanRegistry.java:222)
	at org.springframework.beans.factory.support.AbstractBeanFactory.doGetBean(AbstractBeanFactory.java:321)
	at org.springframework.beans.factory.support.AbstractBeanFactory.getBean(AbstractBeanFactory.java:202)
	at org.springframework.beans.factory.config.DependencyDescriptor.resolveCandidate(DependencyDescriptor.java:276)
	at org.springframework.beans.factory.support.DefaultListableBeanFactory.doResolveDependency(DefaultListableBeanFactory.java:1287)
	at org.springframework.beans.factory.support.DefaultListableBeanFactory.resolveDependency(DefaultListableBeanFactory.java:1207)
	at org.springframework.beans.factory.annotation.AutowiredAnnotationBeanPostProcessor$AutowiredFieldElement.inject(AutowiredAnnotationBeanPostProcessor.java:640)
	... 19 common frames omitted
Caused by: org.springframework.beans.factory.UnsatisfiedDependencyException: Error creating bean with name 'crmCustomerMapper' defined in URL [jar:file:/opt/package/crm/wk_crm-0.0.1-SNAPSHOT.jar!/com/kakarote/crm/mapper/CrmCustomerMapper.class]: Unsatisfied dependency expressed through bean property 'sqlSessionFactory'; nested exception is org.springframework.beans.factory.BeanCreationException: Error creating bean with name 'sqlSessionFactory' defined in class path resource [com/baomidou/mybatisplus/autoconfigure/MybatisPlusAutoConfiguration.class]: Bean instantiation via factory method failed; nested exception is org.springframework.beans.BeanInstantiationException: Failed to instantiate [org.apache.ibatis.session.SqlSessionFactory]: Factory method 'sqlSessionFactory' threw exception; nested exception is org.springframework.core.NestedIOException: Failed to parse mapping resource: 'class path resource [mapper/xml/CallRecordMapper.xml]'; nested exception is org.apache.ibatis.builder.BuilderException: Error creating document instance.  Cause: org.xml.sax.SAXParseExceptionpublicId: -//mybatis.org//DTD Mapper 3.0//EN; systemId: https://www.72crm.com/; lineNumber: 1; columnNumber: 3; The markup declarations contained or pointed to by the document type declaration must be well-formed.
	at org.springframework.beans.factory.support.AbstractAutowireCapableBeanFactory.autowireByType(AbstractAutowireCapableBeanFactory.java:1526)
	at org.springframework.beans.factory.support.AbstractAutowireCapableBeanFactory.populateBean(AbstractAutowireCapableBeanFactory.java:1406)
	at org.springframework.beans.factory.support.AbstractAutowireCapableBeanFactory.doCreateBean(AbstractAutowireCapableBeanFactory.java:594)
	at org.springframework.beans.factory.support.AbstractAutowireCapableBeanFactory.createBean(AbstractAutowireCapableBeanFactory.java:517)
	at org.springframework.beans.factory.support.AbstractBeanFactory.lambda$doGetBean$0(AbstractBeanFactory.java:323)
	at org.springframework.beans.factory.support.DefaultSingletonBeanRegistry.getSingleton(DefaultSingletonBeanRegistry.java:222)
	at org.springframework.beans.factory.support.AbstractBeanFactory.doGetBean(AbstractBeanFactory.java:321)
	at org.springframework.beans.factory.support.AbstractBeanFactory.getBean(AbstractBeanFactory.java:202)
	at org.springframework.beans.factory.config.DependencyDescriptor.resolveCandidate(DependencyDescriptor.java:276)
	at org.springframework.beans.factory.support.DefaultListableBeanFactory.doResolveDependency(DefaultListableBeanFactory.java:1287)
	at org.springframework.beans.factory.support.DefaultListableBeanFactory.resolveDependency(DefaultListableBeanFactory.java:1207)
	at org.springframework.beans.factory.annotation.AutowiredAnnotationBeanPostProcessor$AutowiredFieldElement.inject(AutowiredAnnotationBeanPostProcessor.java:640)
	... 32 common frames omitted
Caused by: org.springframework.beans.factory.BeanCreationException: Error creating bean with name 'sqlSessionFactory' defined in class path resource [com/baomidou/mybatisplus/autoconfigure/MybatisPlusAutoConfiguration.class]: Bean instantiation via factory method failed; nested exception is org.springframework.beans.BeanInstantiationException: Failed to instantiate [org.apache.ibatis.session.SqlSessionFactory]: Factory method 'sqlSessionFactory' threw exception; nested exception is org.springframework.core.NestedIOException: Failed to parse mapping resource: 'class path resource [mapper/xml/CallRecordMapper.xml]'; nested exception is org.apache.ibatis.builder.BuilderException: Error creating document instance.  Cause: org.xml.sax.SAXParseExceptionpublicId: -//mybatis.org//DTD Mapper 3.0//EN; systemId: https://www.72crm.com/; lineNumber: 1; columnNumber: 3; The markup declarations contained or pointed to by the document type declaration must be well-formed.
	at org.springframework.beans.factory.support.ConstructorResolver.instantiate(ConstructorResolver.java:656)
	at org.springframework.beans.factory.support.ConstructorResolver.instantiateUsingFactoryMethod(ConstructorResolver.java:636)
	at org.springframework.beans.factory.support.AbstractAutowireCapableBeanFactory.instantiateUsingFactoryMethod(AbstractAutowireCapableBeanFactory.java:1338)
	at org.springframework.beans.factory.support.AbstractAutowireCapableBeanFactory.createBeanInstance(AbstractAutowireCapableBeanFactory.java:1177)
	at org.springframework.beans.factory.support.AbstractAutowireCapableBeanFactory.doCreateBean(AbstractAutowireCapableBeanFactory.java:557)
	at org.springframework.beans.factory.support.AbstractAutowireCapableBeanFactory.createBean(AbstractAutowireCapableBeanFactory.java:517)
	at org.springframework.beans.factory.support.AbstractBeanFactory.lambda$doGetBean$0(AbstractBeanFactory.java:323)
	at org.springframework.beans.factory.support.DefaultSingletonBeanRegistry.getSingleton(DefaultSingletonBeanRegistry.java:222)
	at org.springframework.beans.factory.support.AbstractBeanFactory.doGetBean(AbstractBeanFactory.java:321)
	at org.springframework.beans.factory.support.AbstractBeanFactory.getBean(AbstractBeanFactory.java:202)
	at org.springframework.beans.factory.config.DependencyDescriptor.resolveCandidate(DependencyDescriptor.java:276)
	at org.springframework.beans.factory.support.DefaultListableBeanFactory.doResolveDependency(DefaultListableBeanFactory.java:1287)
	at org.springframework.beans.factory.support.DefaultListableBeanFactory.resolveDependency(DefaultListableBeanFactory.java:1207)
	at org.springframework.beans.factory.support.AbstractAutowireCapableBeanFactory.autowireByType(AbstractAutowireCapableBeanFactory.java:1511)
	... 43 common frames omitted
Caused by: org.springframework.beans.BeanInstantiationException: Failed to instantiate [org.apache.ibatis.session.SqlSessionFactory]: Factory method 'sqlSessionFactory' threw exception; nested exception is org.springframework.core.NestedIOException: Failed to parse mapping resource: 'class path resource [mapper/xml/CallRecordMapper.xml]'; nested exception is org.apache.ibatis.builder.BuilderException: Error creating document instance.  Cause: org.xml.sax.SAXParseExceptionpublicId: -//mybatis.org//DTD Mapper 3.0//EN; systemId: https://www.72crm.com/; lineNumber: 1; columnNumber: 3; The markup declarations contained or pointed to by the document type declaration must be well-formed.
	at org.springframework.beans.factory.support.SimpleInstantiationStrategy.instantiate(SimpleInstantiationStrategy.java:185)
	at org.springframework.beans.factory.support.ConstructorResolver.instantiate(ConstructorResolver.java:651)
	... 56 common frames omitted
Caused by: org.springframework.core.NestedIOException: Failed to parse mapping resource: 'class path resource [mapper/xml/CallRecordMapper.xml]'; nested exception is org.apache.ibatis.builder.BuilderException: Error creating document instance.  Cause: org.xml.sax.SAXParseExceptionpublicId: -//mybatis.org//DTD Mapper 3.0//EN; systemId: https://www.72crm.com/; lineNumber: 1; columnNumber: 3; The markup declarations contained or pointed to by the document type declaration must be well-formed.
	at com.baomidou.mybatisplus.extension.spring.MybatisSqlSessionFactoryBean.buildSqlSessionFactory(MybatisSqlSessionFactoryBean.java:595)
	at com.baomidou.mybatisplus.extension.spring.MybatisSqlSessionFactoryBean.afterPropertiesSet(MybatisSqlSessionFactoryBean.java:430)
	at com.baomidou.mybatisplus.extension.spring.MybatisSqlSessionFactoryBean.getObject(MybatisSqlSessionFactoryBean.java:628)
	at com.baomidou.mybatisplus.autoconfigure.MybatisPlusAutoConfiguration.sqlSessionFactory(MybatisPlusAutoConfiguration.java:214)
	at com.baomidou.mybatisplus.autoconfigure.MybatisPlusAutoConfiguration$$EnhancerBySpringCGLIB$$a20a89c0.CGLIB$sqlSessionFactory$1(<generated>)
	at com.baomidou.mybatisplus.autoconfigure.MybatisPlusAutoConfiguration$$EnhancerBySpringCGLIB$$a20a89c0$$FastClassBySpringCGLIB$$61fd7b14.invoke(<generated>)
	at org.springframework.cglib.proxy.MethodProxy.invokeSuper(MethodProxy.java:244)
	at org.springframework.context.annotation.ConfigurationClassEnhancer$BeanMethodInterceptor.intercept(ConfigurationClassEnhancer.java:331)
	at com.baomidou.mybatisplus.autoconfigure.MybatisPlusAutoConfiguration$$EnhancerBySpringCGLIB$$a20a89c0.sqlSessionFactory(<generated>)
	at sun.reflect.NativeMethodAccessorImpl.invoke0(Native Method)
	at sun.reflect.NativeMethodAccessorImpl.invoke(NativeMethodAccessorImpl.java:62)
	at sun.reflect.DelegatingMethodAccessorImpl.invoke(DelegatingMethodAccessorImpl.java:43)
	at java.lang.reflect.Method.invoke(Method.java:498)
	at org.springframework.beans.factory.support.SimpleInstantiationStrategy.instantiate(SimpleInstantiationStrategy.java:154)
	... 57 common frames omitted
Caused by: org.apache.ibatis.builder.BuilderException: Error creating document instance.  Cause: org.xml.sax.SAXParseExceptionpublicId: -//mybatis.org//DTD Mapper 3.0//EN; systemId: https://www.72crm.com/; lineNumber: 1; columnNumber: 3; The markup declarations contained or pointed to by the document type declaration must be well-formed.
	at org.apache.ibatis.parsing.XPathParser.createDocument(XPathParser.java:263)
	at org.apache.ibatis.parsing.XPathParser.<init>(XPathParser.java:127)
	at org.apache.ibatis.builder.xml.XMLMapperBuilder.<init>(XMLMapperBuilder.java:80)
	at com.baomidou.mybatisplus.extension.spring.MybatisSqlSessionFactoryBean.buildSqlSessionFactory(MybatisSqlSessionFactoryBean.java:592)
	... 70 common frames omitted
Caused by: org.xml.sax.SAXParseException: The markup declarations contained or pointed to by the document type declaration must be well-formed.
	at com.sun.org.apache.xerces.internal.util.ErrorHandlerWrapper.createSAXParseException(ErrorHandlerWrapper.java:203)
	at com.sun.org.apache.xerces.internal.util.ErrorHandlerWrapper.fatalError(ErrorHandlerWrapper.java:177)
	at com.sun.org.apache.xerces.internal.impl.XMLErrorReporter.reportError(XMLErrorReporter.java:400)
	at com.sun.org.apache.xerces.internal.impl.XMLErrorReporter.reportError(XMLErrorReporter.java:327)
	at com.sun.org.apache.xerces.internal.impl.XMLScanner.reportFatalError(XMLScanner.java:1473)
	at com.sun.org.apache.xerces.internal.impl.XMLDTDScannerImpl.scanDecls(XMLDTDScannerImpl.java:2038)
	at com.sun.org.apache.xerces.internal.impl.XMLDTDScannerImpl.scanDTDExternalSubset(XMLDTDScannerImpl.java:307)
	at com.sun.org.apache.xerces.internal.impl.XMLDocumentScannerImpl$DTDDriver.dispatch(XMLDocumentScannerImpl.java:1174)
	at com.sun.org.apache.xerces.internal.impl.XMLDocumentScannerImpl$DTDDriver.next(XMLDocumentScannerImpl.java:1045)
	at com.sun.org.apache.xerces.internal.impl.XMLDocumentScannerImpl$PrologDriver.next(XMLDocumentScannerImpl.java:959)
	at com.sun.org.apache.xerces.internal.impl.XMLDocumentScannerImpl.next(XMLDocumentScannerImpl.java:602)
	at com.sun.org.apache.xerces.internal.impl.XMLDocumentFragmentScannerImpl.scanDocument(XMLDocumentFragmentScannerImpl.java:505)
	at com.sun.org.apache.xerces.internal.parsers.XML11Configuration.parse(XML11Configuration.java:842)
	at com.sun.org.apache.xerces.internal.parsers.XML11Configuration.parse(XML11Configuration.java:771)
	at com.sun.org.apache.xerces.internal.parsers.XMLParser.parse(XMLParser.java:141)
	at com.sun.org.apache.xerces.internal.parsers.DOMParser.parse(DOMParser.java:243)
	at com.sun.org.apache.xerces.internal.jaxp.DocumentBuilderImpl.parse(DocumentBuilderImpl.java:339)
	at org.apache.ibatis.parsing.XPathParser.createDocument(XPathParser.java:261)
	... 73 common frames omitted
