2026-04-15 18:25:45 work [main] INFO  com.alibaba.nacos.client.config.impl.LocalConfigInfoProcessor - LOCAL_SNAPSHOT_PATH:/root/nacos/config 
2026-04-15 18:25:45 work [main] INFO  com.alibaba.nacos.client.config.impl.Limiter - limitTime:5.0 
2026-04-15 18:25:45 work [main] WARN  com.alibaba.cloud.nacos.client.NacosPropertySourceBuilder - Ignore the empty nacos configuration and get it based on dataId[work] & group[DEFAULT_GROUP] 
2026-04-15 18:25:45 work [main] WARN  com.alibaba.cloud.nacos.client.NacosPropertySourceBuilder - Ignore the empty nacos configuration and get it based on dataId[work.yaml] & group[DEFAULT_GROUP] 
2026-04-15 18:25:45 work [main] WARN  com.alibaba.cloud.nacos.client.NacosPropertySourceBuilder - Ignore the empty nacos configuration and get it based on dataId[work-core.yaml] & group[DEFAULT_GROUP] 
2026-04-15 18:25:45 work [main] WARN  com.alibaba.cloud.nacos.client.NacosPropertySourceBuilder - Ignore the empty nacos configuration and get it based on dataId[work-test.yaml] & group[DEFAULT_GROUP] 
2026-04-15 18:25:45 work [main] WARN  com.alibaba.cloud.nacos.client.NacosPropertySourceBuilder - Ignore the empty nacos configuration and get it based on dataId[work-dev.yaml] & group[DEFAULT_GROUP] 
2026-04-15 18:25:45 work [main] INFO  org.springframework.cloud.bootstrap.config.PropertySourceBootstrapConfiguration - Located property source: [BootstrapPropertySource {name='bootstrapProperties-work-dev.yaml,DEFAULT_GROUP'}, BootstrapPropertySource {name='bootstrapProperties-work-test.yaml,DEFAULT_GROUP'}, BootstrapPropertySource {name='bootstrapProperties-work-core.yaml,DEFAULT_GROUP'}, BootstrapPropertySource {name='bootstrapProperties-work.yaml,DEFAULT_GROUP'}, BootstrapPropertySource {name='bootstrapProperties-work,DEFAULT_GROUP'}] 
2026-04-15 18:25:45 work [main] INFO  com.kakarote.work.WorkApplication - The following profiles are active: core,test,dev 
2026-04-15 18:25:48 work [main] WARN  org.springframework.boot.actuate.endpoint.EndpointId - Endpoint ID 'nacos-config' contains invalid characters, please migrate to a valid format. 
2026-04-15 18:25:49 work [main] WARN  org.springframework.boot.actuate.endpoint.EndpointId - Endpoint ID 'nacos-discovery' contains invalid characters, please migrate to a valid format. 
2026-04-15 18:25:50 work [main] INFO  org.springframework.data.repository.config.RepositoryConfigurationDelegate - Multiple Spring Data modules found, entering strict repository configuration mode! 
2026-04-15 18:25:50 work [main] INFO  org.springframework.data.repository.config.RepositoryConfigurationDelegate - Bootstrapping Spring Data Redis repositories in DEFAULT mode. 
2026-04-15 18:25:50 work [main] INFO  org.springframework.data.repository.config.RepositoryConfigurationDelegate - Finished Spring Data repository scanning in 56ms. Found 0 Redis repository interfaces. 
2026-04-15 18:25:50 work [main] WARN  org.springframework.boot.actuate.endpoint.EndpointId - Endpoint ID 'service-registry' contains invalid characters, please migrate to a valid format. 
2026-04-15 18:25:51 work [main] INFO  org.springframework.cloud.context.scope.GenericScope - BeanFactory id=2d863238-12a1-3576-bd06-69863a260c4f 
2026-04-15 18:25:52 work [main] INFO  org.springframework.context.support.PostProcessorRegistrationDelegate$BeanPostProcessorChecker - Bean 'com.kakarote.core.feign.admin.service.AdminFileService' of type [org.springframework.cloud.openfeign.FeignClientFactoryBean] is not eligible for getting processed by all BeanPostProcessors (for example: not eligible for auto-proxying) 
2026-04-15 18:25:52 work [main] INFO  org.springframework.context.support.PostProcessorRegistrationDelegate$BeanPostProcessorChecker - Bean 'com.kakarote.core.feign.admin.service.AdminMessageService' of type [org.springframework.cloud.openfeign.FeignClientFactoryBean] is not eligible for getting processed by all BeanPostProcessors (for example: not eligible for auto-proxying) 
2026-04-15 18:25:52 work [main] INFO  org.springframework.context.support.PostProcessorRegistrationDelegate$BeanPostProcessorChecker - Bean 'com.kakarote.core.feign.admin.service.AdminService' of type [org.springframework.cloud.openfeign.FeignClientFactoryBean] is not eligible for getting processed by all BeanPostProcessors (for example: not eligible for auto-proxying) 
2026-04-15 18:25:52 work [main] INFO  org.springframework.context.support.PostProcessorRegistrationDelegate$BeanPostProcessorChecker - Bean 'com.kakarote.core.feign.admin.service.CallUserService' of type [org.springframework.cloud.openfeign.FeignClientFactoryBean] is not eligible for getting processed by all BeanPostProcessors (for example: not eligible for auto-proxying) 
2026-04-15 18:25:52 work [main] INFO  org.springframework.context.support.PostProcessorRegistrationDelegate$BeanPostProcessorChecker - Bean 'com.kakarote.core.feign.admin.service.LogService' of type [org.springframework.cloud.openfeign.FeignClientFactoryBean] is not eligible for getting processed by all BeanPostProcessors (for example: not eligible for auto-proxying) 
2026-04-15 18:25:52 work [main] INFO  org.springframework.context.support.PostProcessorRegistrationDelegate$BeanPostProcessorChecker - Bean 'com.kakarote.core.feign.crm.service.CrmAnalysisService' of type [org.springframework.cloud.openfeign.FeignClientFactoryBean] is not eligible for getting processed by all BeanPostProcessors (for example: not eligible for auto-proxying) 
2026-04-15 18:25:52 work [main] INFO  org.springframework.context.support.PostProcessorRegistrationDelegate$BeanPostProcessorChecker - Bean 'com.kakarote.core.feign.crm.service.CrmEventService' of type [org.springframework.cloud.openfeign.FeignClientFactoryBean] is not eligible for getting processed by all BeanPostProcessors (for example: not eligible for auto-proxying) 
2026-04-15 18:25:52 work [main] INFO  org.springframework.context.support.PostProcessorRegistrationDelegate$BeanPostProcessorChecker - Bean 'com.kakarote.core.feign.crm.service.CrmExamineService' of type [org.springframework.cloud.openfeign.FeignClientFactoryBean] is not eligible for getting processed by all BeanPostProcessors (for example: not eligible for auto-proxying) 
2026-04-15 18:25:52 work [main] INFO  org.springframework.context.support.PostProcessorRegistrationDelegate$BeanPostProcessorChecker - Bean 'com.kakarote.core.feign.crm.service.CrmService' of type [org.springframework.cloud.openfeign.FeignClientFactoryBean] is not eligible for getting processed by all BeanPostProcessors (for example: not eligible for auto-proxying) 
2026-04-15 18:25:52 work [main] INFO  org.springframework.context.support.PostProcessorRegistrationDelegate$BeanPostProcessorChecker - Bean 'com.kakarote.core.feign.email.EmailService' of type [org.springframework.cloud.openfeign.FeignClientFactoryBean] is not eligible for getting processed by all BeanPostProcessors (for example: not eligible for auto-proxying) 
2026-04-15 18:25:52 work [main] INFO  org.springframework.context.support.PostProcessorRegistrationDelegate$BeanPostProcessorChecker - Bean 'com.kakarote.core.feign.examine.service.ExamineService' of type [org.springframework.cloud.openfeign.FeignClientFactoryBean] is not eligible for getting processed by all BeanPostProcessors (for example: not eligible for auto-proxying) 
2026-04-15 18:25:52 work [main] INFO  org.springframework.context.support.PostProcessorRegistrationDelegate$BeanPostProcessorChecker - Bean 'com.kakarote.core.feign.hrm.service.HrmService' of type [org.springframework.cloud.openfeign.FeignClientFactoryBean] is not eligible for getting processed by all BeanPostProcessors (for example: not eligible for auto-proxying) 
2026-04-15 18:25:52 work [main] INFO  org.springframework.context.support.PostProcessorRegistrationDelegate$BeanPostProcessorChecker - Bean 'com.kakarote.core.feign.hrm.service.SalaryRecordService' of type [org.springframework.cloud.openfeign.FeignClientFactoryBean] is not eligible for getting processed by all BeanPostProcessors (for example: not eligible for auto-proxying) 
2026-04-15 18:25:52 work [main] INFO  org.springframework.context.support.PostProcessorRegistrationDelegate$BeanPostProcessorChecker - Bean 'com.kakarote.core.feign.jxc.service.JxcExamineService' of type [org.springframework.cloud.openfeign.FeignClientFactoryBean] is not eligible for getting processed by all BeanPostProcessors (for example: not eligible for auto-proxying) 
2026-04-15 18:25:52 work [main] INFO  org.springframework.context.support.PostProcessorRegistrationDelegate$BeanPostProcessorChecker - Bean 'com.kakarote.core.feign.km.KmService' of type [org.springframework.cloud.openfeign.FeignClientFactoryBean] is not eligible for getting processed by all BeanPostProcessors (for example: not eligible for auto-proxying) 
2026-04-15 18:25:52 work [main] INFO  org.springframework.context.support.PostProcessorRegistrationDelegate$BeanPostProcessorChecker - Bean 'com.kakarote.core.feign.oa.OaService' of type [org.springframework.cloud.openfeign.FeignClientFactoryBean] is not eligible for getting processed by all BeanPostProcessors (for example: not eligible for auto-proxying) 
2026-04-15 18:25:52 work [main] INFO  org.springframework.context.support.PostProcessorRegistrationDelegate$BeanPostProcessorChecker - Bean 'com.kakarote.core.feign.work.WorkService' of type [org.springframework.cloud.openfeign.FeignClientFactoryBean] is not eligible for getting processed by all BeanPostProcessors (for example: not eligible for auto-proxying) 
2026-04-15 18:25:53 work [main] INFO  org.springframework.context.support.PostProcessorRegistrationDelegate$BeanPostProcessorChecker - Bean 'com.alicp.jetcache.anno.config.JetCacheProxyConfiguration' of type [com.alicp.jetcache.anno.config.JetCacheProxyConfiguration$$EnhancerBySpringCGLIB$$8870e8fc] is not eligible for getting processed by all BeanPostProcessors (for example: not eligible for auto-proxying) 
2026-04-15 18:25:54 work [main] INFO  org.springframework.context.support.PostProcessorRegistrationDelegate$BeanPostProcessorChecker - Bean 'com.alicp.jetcache.anno.config.CommonConfiguration' of type [com.alicp.jetcache.anno.config.CommonConfiguration$$EnhancerBySpringCGLIB$$7772e74] is not eligible for getting processed by all BeanPostProcessors (for example: not eligible for auto-proxying) 
2026-04-15 18:25:54 work [main] INFO  org.springframework.context.support.PostProcessorRegistrationDelegate$BeanPostProcessorChecker - Bean 'spring.cloud.sentinel-com.alibaba.cloud.sentinel.SentinelProperties' of type [com.alibaba.cloud.sentinel.SentinelProperties] is not eligible for getting processed by all BeanPostProcessors (for example: not eligible for auto-proxying) 
2026-04-15 18:25:55 work [main] INFO  org.springframework.context.support.PostProcessorRegistrationDelegate$BeanPostProcessorChecker - Bean 'com.alibaba.cloud.sentinel.custom.SentinelAutoConfiguration' of type [com.alibaba.cloud.sentinel.custom.SentinelAutoConfiguration] is not eligible for getting processed by all BeanPostProcessors (for example: not eligible for auto-proxying) 
2026-04-15 18:25:55 work [main] WARN  io.undertow.websockets.jsr - UT026010: Buffer pool was not set on WebSocketDeploymentInfo, the default pool will be used 
2026-04-15 18:25:55 work [main] INFO  io.undertow.servlet - Initializing Spring embedded WebApplicationContext 
2026-04-15 18:25:55 work [main] INFO  org.springframework.web.context.ContextLoader - Root WebApplicationContext: initialization completed in 9986 ms 
2026-04-15 18:25:56 work [main] INFO  com.alibaba.nacos.client.naming - initializer namespace from System Property :null 
2026-04-15 18:25:56 work [main] INFO  com.alibaba.nacos.client.naming - initializer namespace from System Environment :null 
2026-04-15 18:25:56 work [main] INFO  com.alibaba.nacos.client.naming - initializer namespace from System Property :null 
2026-04-15 18:25:56 work [main] INFO  com.alibaba.druid.spring.boot.autoconfigure.DruidDataSourceAutoConfigure - Init DruidDataSource 
2026-04-15 18:25:57 work [main] INFO  com.alibaba.druid.pool.DruidDataSource - {dataSource-1} inited 
2026-04-15 18:26:08 work [main] WARN  org.springframework.boot.autoconfigure.web.format.WebConversionService - Auto-configuration of Joda-Time formatters is deprecated in favor of using java.time (JSR-310). 
2026-04-15 18:26:09 work [main] INFO  org.springframework.boot.actuate.endpoint.web.EndpointLinksResolver - Exposing 2 endpoint(s) beneath base path '/actuator' 
2026-04-15 18:26:10 work [main] INFO  com.alicp.jetcache.autoconfigure.AbstractCacheAutoInit - init cache area default , type= redis 
2026-04-15 18:26:11 work [main] INFO  org.springframework.scheduling.concurrent.ThreadPoolTaskScheduler - Initializing ExecutorService 'Nacso-Watch-Task-Scheduler' 
2026-04-15 18:26:11 work [main] INFO  springfox.documentation.spring.web.WebMvcPropertySourcedRequestMappingHandlerMapping - Mapped URL path [/v2/api-docs] onto method [springfox.documentation.swagger2.web.Swagger2ControllerWebMvc#getDocumentation(String, HttpServletRequest)] 
2026-04-15 18:26:11 work [main] WARN  com.netflix.config.sources.URLConfigurationSource - No URLs will be polled as dynamic configuration sources. 
2026-04-15 18:26:11 work [main] INFO  com.netflix.config.sources.URLConfigurationSource - To enable URLs as dynamic configuration sources, define System property archaius.configurationSource.additionalUrls or make config.properties available on classpath. 
2026-04-15 18:26:11 work [main] WARN  com.netflix.config.sources.URLConfigurationSource - No URLs will be polled as dynamic configuration sources. 
2026-04-15 18:26:11 work [main] INFO  com.netflix.config.sources.URLConfigurationSource - To enable URLs as dynamic configuration sources, define System property archaius.configurationSource.additionalUrls or make config.properties available on classpath. 
2026-04-15 18:26:12 work [main] INFO  org.springframework.scheduling.concurrent.ThreadPoolTaskExecutor - Initializing ExecutorService 'applicationTaskExecutor' 
2026-04-15 18:26:18 work [main] INFO  springfox.documentation.spring.web.plugins.DocumentationPluginsBootstrapper - Documentation plugins bootstrapped 
2026-04-15 18:26:18 work [main] INFO  springfox.documentation.spring.web.plugins.DocumentationPluginsBootstrapper - Found 1 custom documentation plugin(s) 
2026-04-15 18:26:18 work [main] INFO  springfox.documentation.spring.web.scanners.ApiListingReferenceScanner - Scanning for api listing references 
2026-04-15 18:26:21 work [main] INFO  springfox.documentation.spring.web.readers.operation.CachingOperationNameGenerator - Generating unique operation named: updateOrderUsingPOST_1 
2026-04-15 18:26:21 work [main] INFO  io.undertow - starting server: Undertow - 2.0.29.Final 
2026-04-15 18:26:21 work [main] INFO  org.xnio - XNIO version 3.3.8.Final 
2026-04-15 18:26:21 work [main] INFO  org.xnio.nio - XNIO NIO Implementation Version 3.3.8.Final 
2026-04-15 18:26:22 work [main] INFO  org.springframework.boot.web.embedded.undertow.UndertowServletWebServer - Undertow started on port(s) 37727 (http) with context path '' 
2026-04-15 18:26:22 work [main] INFO  com.alibaba.nacos.client.naming - [BEAT] adding beat: {"cluster":"DEFAULT","ip":"172.18.0.5","metadata":{"projectPath":"/opt/package/work","preserved.register.source":"SPRING_CLOUD"},"period":5000,"port":37727,"scheduled":false,"serviceName":"DEFAULT_GROUP@@work","stopped":false,"weight":1.0} to beat map. 
2026-04-15 18:26:22 work [main] INFO  com.alibaba.nacos.client.naming - [REGISTER-SERVICE] public registering service DEFAULT_GROUP@@work with instance: {"clusterName":"DEFAULT","enabled":true,"ephemeral":true,"healthy":true,"instanceHeartBeatInterval":5000,"instanceHeartBeatTimeOut":15000,"ip":"172.18.0.5","ipDeleteTimeout":30000,"metadata":{"projectPath":"/opt/package/work","preserved.register.source":"SPRING_CLOUD"},"port":37727,"weight":1.0} 
2026-04-15 18:26:22 work [main] INFO  com.alibaba.cloud.nacos.registry.NacosServiceRegistry - nacos registry, DEFAULT_GROUP work 172.18.0.5:37727 register finished 
2026-04-15 18:26:22 work [main] INFO  com.kakarote.work.WorkApplication - Started WorkApplication in 41.53 seconds (JVM running for 43.354) 
2026-04-15 18:26:22 work [main] INFO  com.alibaba.nacos.client.config.impl.ClientWorker - [fixed-nacos_8848] [subscribe] work-core.yaml+DEFAULT_GROUP 
2026-04-15 18:26:22 work [main] INFO  com.alibaba.nacos.client.config.impl.CacheData - [fixed-nacos_8848] [add-listener] ok, tenant=, dataId=work-core.yaml, group=DEFAULT_GROUP, cnt=1 
2026-04-15 18:26:22 work [main] INFO  com.alibaba.nacos.client.config.impl.ClientWorker - [fixed-nacos_8848] [subscribe] work+DEFAULT_GROUP 
2026-04-15 18:26:22 work [main] INFO  com.alibaba.nacos.client.config.impl.CacheData - [fixed-nacos_8848] [add-listener] ok, tenant=, dataId=work, group=DEFAULT_GROUP, cnt=1 
2026-04-15 18:26:22 work [main] INFO  com.alibaba.nacos.client.config.impl.ClientWorker - [fixed-nacos_8848] [subscribe] work.yaml+DEFAULT_GROUP 
2026-04-15 18:26:22 work [main] INFO  com.alibaba.nacos.client.config.impl.CacheData - [fixed-nacos_8848] [add-listener] ok, tenant=, dataId=work.yaml, group=DEFAULT_GROUP, cnt=1 
2026-04-15 18:26:22 work [main] INFO  com.alibaba.nacos.client.config.impl.ClientWorker - [fixed-nacos_8848] [subscribe] work-dev.yaml+DEFAULT_GROUP 
2026-04-15 18:26:22 work [main] INFO  com.alibaba.nacos.client.config.impl.CacheData - [fixed-nacos_8848] [add-listener] ok, tenant=, dataId=work-dev.yaml, group=DEFAULT_GROUP, cnt=1 
2026-04-15 18:26:22 work [main] INFO  com.alibaba.nacos.client.config.impl.ClientWorker - [fixed-nacos_8848] [subscribe] work-test.yaml+DEFAULT_GROUP 
2026-04-15 18:26:22 work [main] INFO  com.alibaba.nacos.client.config.impl.CacheData - [fixed-nacos_8848] [add-listener] ok, tenant=, dataId=work-test.yaml, group=DEFAULT_GROUP, cnt=1 
2026-04-15 18:26:22 work [com.alibaba.nacos.client.Worker.longPolling.fixed-nacos_8848] INFO  com.alibaba.nacos.client.config.impl.ClientWorker - get changedGroupKeys:[] 
2026-04-15 18:26:52 work [com.alibaba.nacos.client.Worker.longPolling.fixed-nacos_8848] INFO  com.alibaba.nacos.client.config.impl.ClientWorker - get changedGroupKeys:[] 
2026-04-15 18:27:22 work [com.alibaba.nacos.client.Worker.longPolling.fixed-nacos_8848] INFO  com.alibaba.nacos.client.config.impl.ClientWorker - get changedGroupKeys:[] 
2026-04-15 18:27:51 work [com.alibaba.nacos.client.Worker.longPolling.fixed-nacos_8848] INFO  com.alibaba.nacos.client.config.impl.ClientWorker - get changedGroupKeys:[] 
2026-04-15 18:28:21 work [com.alibaba.nacos.client.Worker.longPolling.fixed-nacos_8848] INFO  com.alibaba.nacos.client.config.impl.ClientWorker - get changedGroupKeys:[] 
2026-04-15 18:28:50 work [com.alibaba.nacos.client.Worker.longPolling.fixed-nacos_8848] INFO  com.alibaba.nacos.client.config.impl.ClientWorker - get changedGroupKeys:[] 
2026-04-15 18:29:20 work [com.alibaba.nacos.client.Worker.longPolling.fixed-nacos_8848] INFO  com.alibaba.nacos.client.config.impl.ClientWorker - get changedGroupKeys:[] 
2026-04-15 18:29:49 work [com.alibaba.nacos.client.Worker.longPolling.fixed-nacos_8848] INFO  com.alibaba.nacos.client.config.impl.ClientWorker - get changedGroupKeys:[] 
2026-04-15 18:30:19 work [com.alibaba.nacos.client.Worker.longPolling.fixed-nacos_8848] INFO  com.alibaba.nacos.client.config.impl.ClientWorker - get changedGroupKeys:[] 
2026-04-15 18:30:48 work [com.alibaba.nacos.client.Worker.longPolling.fixed-nacos_8848] INFO  com.alibaba.nacos.client.config.impl.ClientWorker - get changedGroupKeys:[] 
2026-04-15 18:31:18 work [com.alibaba.nacos.client.Worker.longPolling.fixed-nacos_8848] INFO  com.alibaba.nacos.client.config.impl.ClientWorker - get changedGroupKeys:[] 
2026-04-15 18:31:47 work [com.alibaba.nacos.client.Worker.longPolling.fixed-nacos_8848] INFO  com.alibaba.nacos.client.config.impl.ClientWorker - get changedGroupKeys:[] 
2026-04-15 18:32:17 work [com.alibaba.nacos.client.Worker.longPolling.fixed-nacos_8848] INFO  com.alibaba.nacos.client.config.impl.ClientWorker - get changedGroupKeys:[] 
2026-04-15 18:32:46 work [com.alibaba.nacos.client.Worker.longPolling.fixed-nacos_8848] INFO  com.alibaba.nacos.client.config.impl.ClientWorker - get changedGroupKeys:[] 
2026-04-15 18:33:16 work [com.alibaba.nacos.client.Worker.longPolling.fixed-nacos_8848] INFO  com.alibaba.nacos.client.config.impl.ClientWorker - get changedGroupKeys:[] 
2026-04-15 18:33:45 work [com.alibaba.nacos.client.Worker.longPolling.fixed-nacos_8848] INFO  com.alibaba.nacos.client.config.impl.ClientWorker - get changedGroupKeys:[] 
2026-04-15 18:34:15 work [com.alibaba.nacos.client.Worker.longPolling.fixed-nacos_8848] INFO  com.alibaba.nacos.client.config.impl.ClientWorker - get changedGroupKeys:[] 
2026-04-15 18:34:44 work [com.alibaba.nacos.client.Worker.longPolling.fixed-nacos_8848] INFO  com.alibaba.nacos.client.config.impl.ClientWorker - get changedGroupKeys:[] 
2026-04-15 18:35:14 work [com.alibaba.nacos.client.Worker.longPolling.fixed-nacos_8848] INFO  com.alibaba.nacos.client.config.impl.ClientWorker - get changedGroupKeys:[] 
2026-04-15 18:35:43 work [com.alibaba.nacos.client.Worker.longPolling.fixed-nacos_8848] INFO  com.alibaba.nacos.client.config.impl.ClientWorker - get changedGroupKeys:[] 
2026-04-15 18:36:13 work [com.alibaba.nacos.client.Worker.longPolling.fixed-nacos_8848] INFO  com.alibaba.nacos.client.config.impl.ClientWorker - get changedGroupKeys:[] 
2026-04-15 18:36:42 work [com.alibaba.nacos.client.Worker.longPolling.fixed-nacos_8848] INFO  com.alibaba.nacos.client.config.impl.ClientWorker - get changedGroupKeys:[] 
2026-04-15 18:37:12 work [com.alibaba.nacos.client.Worker.longPolling.fixed-nacos_8848] INFO  com.alibaba.nacos.client.config.impl.ClientWorker - get changedGroupKeys:[] 
2026-04-15 18:37:41 work [com.alibaba.nacos.client.Worker.longPolling.fixed-nacos_8848] INFO  com.alibaba.nacos.client.config.impl.ClientWorker - get changedGroupKeys:[] 
2026-04-15 18:38:11 work [com.alibaba.nacos.client.Worker.longPolling.fixed-nacos_8848] INFO  com.alibaba.nacos.client.config.impl.ClientWorker - get changedGroupKeys:[] 
2026-04-15 18:38:40 work [com.alibaba.nacos.client.Worker.longPolling.fixed-nacos_8848] INFO  com.alibaba.nacos.client.config.impl.ClientWorker - get changedGroupKeys:[] 
2026-04-15 18:39:10 work [com.alibaba.nacos.client.Worker.longPolling.fixed-nacos_8848] INFO  com.alibaba.nacos.client.config.impl.ClientWorker - get changedGroupKeys:[] 
2026-04-15 18:39:39 work [com.alibaba.nacos.client.Worker.longPolling.fixed-nacos_8848] INFO  com.alibaba.nacos.client.config.impl.ClientWorker - get changedGroupKeys:[] 
2026-04-15 18:40:09 work [com.alibaba.nacos.client.Worker.longPolling.fixed-nacos_8848] INFO  com.alibaba.nacos.client.config.impl.ClientWorker - get changedGroupKeys:[] 
2026-04-15 18:40:38 work [com.alibaba.nacos.client.Worker.longPolling.fixed-nacos_8848] INFO  com.alibaba.nacos.client.config.impl.ClientWorker - get changedGroupKeys:[] 
2026-04-15 18:41:08 work [com.alibaba.nacos.client.Worker.longPolling.fixed-nacos_8848] INFO  com.alibaba.nacos.client.config.impl.ClientWorker - get changedGroupKeys:[] 
2026-04-15 18:41:37 work [com.alibaba.nacos.client.Worker.longPolling.fixed-nacos_8848] INFO  com.alibaba.nacos.client.config.impl.ClientWorker - get changedGroupKeys:[] 
2026-04-15 18:42:07 work [com.alibaba.nacos.client.Worker.longPolling.fixed-nacos_8848] INFO  com.alibaba.nacos.client.config.impl.ClientWorker - get changedGroupKeys:[] 
2026-04-15 18:42:36 work [com.alibaba.nacos.client.Worker.longPolling.fixed-nacos_8848] INFO  com.alibaba.nacos.client.config.impl.ClientWorker - get changedGroupKeys:[] 
2026-04-15 18:43:06 work [com.alibaba.nacos.client.Worker.longPolling.fixed-nacos_8848] INFO  com.alibaba.nacos.client.config.impl.ClientWorker - get changedGroupKeys:[] 
2026-04-15 18:43:35 work [com.alibaba.nacos.client.Worker.longPolling.fixed-nacos_8848] INFO  com.alibaba.nacos.client.config.impl.ClientWorker - get changedGroupKeys:[] 
2026-04-15 18:44:05 work [com.alibaba.nacos.client.Worker.longPolling.fixed-nacos_8848] INFO  com.alibaba.nacos.client.config.impl.ClientWorker - get changedGroupKeys:[] 
2026-04-15 18:44:34 work [com.alibaba.nacos.client.Worker.longPolling.fixed-nacos_8848] INFO  com.alibaba.nacos.client.config.impl.ClientWorker - get changedGroupKeys:[] 
2026-04-15 18:45:04 work [com.alibaba.nacos.client.Worker.longPolling.fixed-nacos_8848] INFO  com.alibaba.nacos.client.config.impl.ClientWorker - get changedGroupKeys:[] 
2026-04-15 18:45:33 work [com.alibaba.nacos.client.Worker.longPolling.fixed-nacos_8848] INFO  com.alibaba.nacos.client.config.impl.ClientWorker - get changedGroupKeys:[] 
2026-04-15 18:46:03 work [com.alibaba.nacos.client.Worker.longPolling.fixed-nacos_8848] INFO  com.alibaba.nacos.client.config.impl.ClientWorker - get changedGroupKeys:[] 
2026-04-15 18:46:32 work [com.alibaba.nacos.client.Worker.longPolling.fixed-nacos_8848] INFO  com.alibaba.nacos.client.config.impl.ClientWorker - get changedGroupKeys:[] 
2026-04-15 18:47:02 work [com.alibaba.nacos.client.Worker.longPolling.fixed-nacos_8848] INFO  com.alibaba.nacos.client.config.impl.ClientWorker - get changedGroupKeys:[] 
2026-04-15 18:47:31 work [com.alibaba.nacos.client.Worker.longPolling.fixed-nacos_8848] INFO  com.alibaba.nacos.client.config.impl.ClientWorker - get changedGroupKeys:[] 
2026-04-15 18:48:01 work [com.alibaba.nacos.client.Worker.longPolling.fixed-nacos_8848] INFO  com.alibaba.nacos.client.config.impl.ClientWorker - get changedGroupKeys:[] 
2026-04-15 18:48:30 work [com.alibaba.nacos.client.Worker.longPolling.fixed-nacos_8848] INFO  com.alibaba.nacos.client.config.impl.ClientWorker - get changedGroupKeys:[] 
2026-04-15 18:49:00 work [com.alibaba.nacos.client.Worker.longPolling.fixed-nacos_8848] INFO  com.alibaba.nacos.client.config.impl.ClientWorker - get changedGroupKeys:[] 
2026-04-15 18:49:29 work [com.alibaba.nacos.client.Worker.longPolling.fixed-nacos_8848] INFO  com.alibaba.nacos.client.config.impl.ClientWorker - get changedGroupKeys:[] 
2026-04-15 18:49:59 work [com.alibaba.nacos.client.Worker.longPolling.fixed-nacos_8848] INFO  com.alibaba.nacos.client.config.impl.ClientWorker - get changedGroupKeys:[] 
2026-04-15 18:50:28 work [com.alibaba.nacos.client.Worker.longPolling.fixed-nacos_8848] INFO  com.alibaba.nacos.client.config.impl.ClientWorker - get changedGroupKeys:[] 
2026-04-15 18:50:58 work [com.alibaba.nacos.client.Worker.longPolling.fixed-nacos_8848] INFO  com.alibaba.nacos.client.config.impl.ClientWorker - get changedGroupKeys:[] 
2026-04-15 18:51:27 work [com.alibaba.nacos.client.Worker.longPolling.fixed-nacos_8848] INFO  com.alibaba.nacos.client.config.impl.ClientWorker - get changedGroupKeys:[] 
2026-04-15 18:51:57 work [com.alibaba.nacos.client.Worker.longPolling.fixed-nacos_8848] INFO  com.alibaba.nacos.client.config.impl.ClientWorker - get changedGroupKeys:[] 
2026-04-15 18:52:26 work [com.alibaba.nacos.client.Worker.longPolling.fixed-nacos_8848] INFO  com.alibaba.nacos.client.config.impl.ClientWorker - get changedGroupKeys:[] 
2026-04-15 18:52:56 work [com.alibaba.nacos.client.Worker.longPolling.fixed-nacos_8848] INFO  com.alibaba.nacos.client.config.impl.ClientWorker - get changedGroupKeys:[] 
2026-04-15 18:53:25 work [com.alibaba.nacos.client.Worker.longPolling.fixed-nacos_8848] INFO  com.alibaba.nacos.client.config.impl.ClientWorker - get changedGroupKeys:[] 
